<?xml version="1.0" encoding="UTF-8"?>
<!-- Generated by org.testng.reporters.JUnitXMLReporter -->
<testsuite ignored="9" hostname="LAPTOP-FF4U5AQU" failures="0" tests="2" name="SmokeTests" time="11.237" errors="0" timestamp="2026-02-13T15:33:04 IST">
  <testcase classname="tests.LoginTest" name="validLogin" time="0.416"/>
  <testcase classname="tests.ProductPageTest" name="verifyBackButton" time="0.376"/>
  <testcase classname="tests.LoginTest" name="lockedUser" time="0.0">
    <ignored/>
  </testcase> <!-- lockedUser -->
  <testcase classname="tests.ProductPageTest" name="verifyFirstProductDetails" time="0.0">
    <ignored/>
  </testcase> <!-- verifyFirstProductDetails -->
  <testcase classname="tests.LoginTest" name="passwordMask" time="0.0">
    <ignored/>
  </testcase> <!-- passwordMask -->
  <testcase classname="tests.LoginTest" name="refreshLogin" time="0.0">
    <ignored/>
  </testcase> <!-- refreshLogin -->
  <testcase classname="tests.LoginTest" name="invalidFields" time="0.0">
    <ignored/>
  </testcase> <!-- invalidFields -->
  <testcase classname="tests.ProductPageTest" name="verifyAddToCart" time="0.0">
    <ignored/>
  </testcase> <!-- verifyAddToCart -->
  <testcase classname="tests.LoginTest" name="emptyField" time="0.0">
    <ignored/>
  </testcase> <!-- emptyField -->
  <testcase classname="tests.ProductPageTest" name="verifyLastProductDetails" time="0.0">
    <ignored/>
  </testcase> <!-- verifyLastProductDetails -->
  <testcase classname="tests.ProductPageTest" name="verifyRemoveFromCart" time="0.0">
    <ignored/>
  </testcase> <!-- verifyRemoveFromCart -->
</testsuite> <!-- SmokeTests -->
