<?xml version="1.0" encoding="UTF-8"?>
<testng-results ignored="0" total="40" passed="39" failed="1" skipped="0">
  <reporter-output>
  </reporter-output>
  <suite started-at="2026-03-04T14:12:50 IST" name="CrossBrowserSuite" finished-at="2026-03-04T14:17:53 IST" duration-ms="303537">
    <groups>
      <group name="navigation">
        <method signature="ProductPageTest.verifyBackButton()[pri:3, instance:tests.ProductPageTest@351d00c0]" name="verifyBackButton" class="tests.ProductPageTest"/>
      </group> <!-- navigation -->
      <group name="product">
        <method signature="ProductPageTest.verifyFirstProductDetails()[pri:1, instance:tests.ProductPageTest@351d00c0]" name="verifyFirstProductDetails" class="tests.ProductPageTest"/>
        <method signature="ProductPageTest.verifyLastProductDetails()[pri:2, instance:tests.ProductPageTest@351d00c0]" name="verifyLastProductDetails" class="tests.ProductPageTest"/>
      </group> <!-- product -->
      <group name="regression">
        <method signature="CartTest.shouldNavigateToCheckoutWhenProductAdded()[pri:0, instance:tests.CartTest@38d8f54a]" name="shouldNavigateToCheckoutWhenProductAdded" class="tests.CartTest"/>
        <method signature="CartTest.verifyCartItemData()[pri:0, instance:tests.CartTest@38d8f54a]" name="verifyCartItemData" class="tests.CartTest"/>
        <method signature="CartTest.verifyCartPersist()[pri:0, instance:tests.CartTest@38d8f54a]" name="verifyCartPersist" class="tests.CartTest"/>
        <method signature="CartTest.verifyCheckoutWithEmptyCart()[pri:0, instance:tests.CartTest@38d8f54a]" name="verifyCheckoutWithEmptyCart" class="tests.CartTest"/>
        <method signature="CartTest.verifyContinueShopping()[pri:0, instance:tests.CartTest@38d8f54a]" name="verifyContinueShopping" class="tests.CartTest"/>
        <method signature="CartTest.verifyRemoveItem()[pri:0, instance:tests.CartTest@38d8f54a]" name="verifyRemoveItem" class="tests.CartTest"/>
        <method signature="LoginTest.lockedUserTest()[pri:0, instance:tests.LoginTest@49e53c76]" name="lockedUserTest" class="tests.LoginTest"/>
        <method signature="LoginTest.passwordMaskTest()[pri:0, instance:tests.LoginTest@49e53c76]" name="passwordMaskTest" class="tests.LoginTest"/>
        <method signature="LoginTest.refreshClearsFieldsTest()[pri:0, instance:tests.LoginTest@49e53c76]" name="refreshClearsFieldsTest" class="tests.LoginTest"/>
        <method signature="LoginTest.validLogin(java.lang.String)[pri:0, instance:tests.LoginTest@49e53c76]" name="validLogin" class="tests.LoginTest"/>
        <method signature="ProductPageTest.verifyFirstProductDetails()[pri:1, instance:tests.ProductPageTest@351d00c0]" name="verifyFirstProductDetails" class="tests.ProductPageTest"/>
        <method signature="ProductPageTest.verifyLastProductDetails()[pri:2, instance:tests.ProductPageTest@351d00c0]" name="verifyLastProductDetails" class="tests.ProductPageTest"/>
        <method signature="ProductPageTest.verifyBackButton()[pri:3, instance:tests.ProductPageTest@351d00c0]" name="verifyBackButton" class="tests.ProductPageTest"/>
        <method signature="ProductPageTest.verifyAddToCart()[pri:4, instance:tests.ProductPageTest@351d00c0]" name="verifyAddToCart" class="tests.ProductPageTest"/>
        <method signature="ProductPageTest.verifyRemoveFromCart()[pri:5, instance:tests.ProductPageTest@351d00c0]" name="verifyRemoveFromCart" class="tests.ProductPageTest"/>
      </group> <!-- regression -->
      <group name="smoke">
        <method signature="LoginTest.validLogin(java.lang.String)[pri:0, instance:tests.LoginTest@49e53c76]" name="validLogin" class="tests.LoginTest"/>
        <method signature="ProductPageTest.verifyBackButton()[pri:3, instance:tests.ProductPageTest@351d00c0]" name="verifyBackButton" class="tests.ProductPageTest"/>
      </group> <!-- smoke -->
      <group name="e2e">
        <method signature="ValidEndToEndTest.e2e_AddProductFromCatalog()[pri:1, instance:tests.ValidEndToEndTest@55b699ef]" name="e2e_AddProductFromCatalog" class="tests.ValidEndToEndTest"/>
        <method signature="ValidEndToEndTest.e2e_AddProductFromDetailPage()[pri:2, instance:tests.ValidEndToEndTest@55b699ef]" name="e2e_AddProductFromDetailPage" class="tests.ValidEndToEndTest"/>
        <method signature="ValidEndToEndTest.e2e_MultipleProductsCheckout()[pri:3, instance:tests.ValidEndToEndTest@55b699ef]" name="e2e_MultipleProductsCheckout" class="tests.ValidEndToEndTest"/>
      </group> <!-- e2e -->
      <group name="cart">
        <method signature="ProductPageTest.verifyAddToCart()[pri:4, instance:tests.ProductPageTest@351d00c0]" name="verifyAddToCart" class="tests.ProductPageTest"/>
        <method signature="ProductPageTest.verifyRemoveFromCart()[pri:5, instance:tests.ProductPageTest@351d00c0]" name="verifyRemoveFromCart" class="tests.ProductPageTest"/>
      </group> <!-- cart -->
    </groups>
    <test started-at="2026-03-04T14:12:50 IST" name="temp" finished-at="2026-03-04T14:17:53 IST" duration-ms="303537">
      <class name="tests.LoginTest">
        <test-method is-config="true" signature="set(java.lang.String,java.lang.String)[pri:0, instance:tests.LoginTest@49e53c76]" started-at="2026-03-04T14:13:59 IST" name="set" finished-at="2026-03-04T14:14:01 IST" duration-ms="1652" status="PASS">
          <params>
            <param index="0">
              <value>
                <![CDATA[chrome]]>
              </value>
            </param>
            <param index="1">
              <value>
                <![CDATA[Linux]]>
              </value>
            </param>
          </params>
          <reporter-output>
          </reporter-output>
        </test-method> <!-- set -->
        <test-method is-config="true" signature="setupPage()[pri:0, instance:tests.LoginTest@49e53c76]" started-at="2026-03-04T14:14:01 IST" name="setupPage" finished-at="2026-03-04T14:14:01 IST" duration-ms="10" status="PASS">
          <reporter-output>
          </reporter-output>
        </test-method> <!-- setupPage -->
        <test-method signature="lockedUserTest()[pri:0, instance:tests.LoginTest@49e53c76]" started-at="2026-03-04T14:14:01 IST" name="lockedUserTest" finished-at="2026-03-04T14:14:03 IST" duration-ms="2292" status="PASS">
          <reporter-output>
          </reporter-output>
        </test-method> <!-- lockedUserTest -->
        <test-method is-config="true" signature="closeBrowser()[pri:0, instance:tests.LoginTest@49e53c76]" started-at="2026-03-04T14:14:03 IST" name="closeBrowser" finished-at="2026-03-04T14:14:03 IST" duration-ms="236" status="PASS">
          <reporter-output>
          </reporter-output>
        </test-method> <!-- closeBrowser -->
        <test-method is-config="true" signature="set(java.lang.String,java.lang.String)[pri:0, instance:tests.LoginTest@49e53c76]" started-at="2026-03-04T14:14:05 IST" name="set" finished-at="2026-03-04T14:14:06 IST" duration-ms="1611" status="PASS">
          <params>
            <param index="0">
              <value>
                <![CDATA[chrome]]>
              </value>
            </param>
            <param index="1">
              <value>
                <![CDATA[Linux]]>
              </value>
            </param>
          </params>
          <reporter-output>
          </reporter-output>
        </test-method> <!-- set -->
        <test-method signature="loginDataDrivenTest(java.lang.String,java.lang.String,java.lang.String,int)[pri:0, instance:tests.LoginTest@49e53c76]" started-at="2026-03-04T14:14:06 IST" name="loginDataDrivenTest" data-provider="getLoginData" finished-at="2026-03-04T14:14:08 IST" duration-ms="1691" status="PASS">
          <params>
            <param index="0">
              <value>
                <![CDATA[standard_user]]>
              </value>
            </param>
            <param index="1">
              <value>
                <![CDATA[secret_sauce]]>
              </value>
            </param>
            <param index="2">
              <value>
                <![CDATA[Pass]]>
              </value>
            </param>
            <param index="3">
              <value>
                <![CDATA[1]]>
              </value>
            </param>
          </params>
          <reporter-output>
          </reporter-output>
        </test-method> <!-- loginDataDrivenTest -->
        <test-method is-config="true" signature="setupPage()[pri:0, instance:tests.LoginTest@49e53c76]" started-at="2026-03-04T14:14:06 IST" name="setupPage" finished-at="2026-03-04T14:14:06 IST" duration-ms="0" status="PASS">
          <reporter-output>
          </reporter-output>
        </test-method> <!-- setupPage -->
        <test-method is-config="true" signature="closeBrowser()[pri:0, instance:tests.LoginTest@49e53c76]" started-at="2026-03-04T14:14:08 IST" name="closeBrowser" finished-at="2026-03-04T14:14:08 IST" duration-ms="313" status="PASS">
          <reporter-output>
          </reporter-output>
        </test-method> <!-- closeBrowser -->
        <test-method is-config="true" signature="set(java.lang.String,java.lang.String)[pri:0, instance:tests.LoginTest@49e53c76]" started-at="2026-03-04T14:14:08 IST" name="set" finished-at="2026-03-04T14:14:11 IST" duration-ms="2433" status="PASS">
          <params>
            <param index="0">
              <value>
                <![CDATA[chrome]]>
              </value>
            </param>
            <param index="1">
              <value>
                <![CDATA[Linux]]>
              </value>
            </param>
          </params>
          <reporter-output>
          </reporter-output>
        </test-method> <!-- set -->
        <test-method signature="loginDataDrivenTest(java.lang.String,java.lang.String,java.lang.String,int)[pri:0, instance:tests.LoginTest@49e53c76]" started-at="2026-03-04T14:14:11 IST" name="loginDataDrivenTest" data-provider="getLoginData" finished-at="2026-03-04T14:14:11 IST" duration-ms="540" status="PASS">
          <params>
            <param index="0">
              <value>
                <![CDATA[problem_user]]>
              </value>
            </param>
            <param index="1">
              <value>
                <![CDATA[secret_sauce]]>
              </value>
            </param>
            <param index="2">
              <value>
                <![CDATA[Pass]]>
              </value>
            </param>
            <param index="3">
              <value>
                <![CDATA[2]]>
              </value>
            </param>
          </params>
          <reporter-output>
          </reporter-output>
        </test-method> <!-- loginDataDrivenTest -->
        <test-method is-config="true" signature="setupPage()[pri:0, instance:tests.LoginTest@49e53c76]" started-at="2026-03-04T14:14:11 IST" name="setupPage" finished-at="2026-03-04T14:14:11 IST" duration-ms="0" status="PASS">
          <reporter-output>
          </reporter-output>
        </test-method> <!-- setupPage -->
        <test-method is-config="true" signature="closeBrowser()[pri:0, instance:tests.LoginTest@49e53c76]" started-at="2026-03-04T14:14:11 IST" name="closeBrowser" finished-at="2026-03-04T14:14:12 IST" duration-ms="243" status="PASS">
          <reporter-output>
          </reporter-output>
        </test-method> <!-- closeBrowser -->
        <test-method is-config="true" signature="set(java.lang.String,java.lang.String)[pri:0, instance:tests.LoginTest@49e53c76]" started-at="2026-03-04T14:14:12 IST" name="set" finished-at="2026-03-04T14:14:15 IST" duration-ms="3374" status="PASS">
          <params>
            <param index="0">
              <value>
                <![CDATA[chrome]]>
              </value>
            </param>
            <param index="1">
              <value>
                <![CDATA[Linux]]>
              </value>
            </param>
          </params>
          <reporter-output>
          </reporter-output>
        </test-method> <!-- set -->
        <test-method is-config="true" signature="setupPage()[pri:0, instance:tests.LoginTest@49e53c76]" started-at="2026-03-04T14:14:15 IST" name="setupPage" finished-at="2026-03-04T14:14:15 IST" duration-ms="1" status="PASS">
          <reporter-output>
          </reporter-output>
        </test-method> <!-- setupPage -->
        <test-method signature="loginDataDrivenTest(java.lang.String,java.lang.String,java.lang.String,int)[pri:0, instance:tests.LoginTest@49e53c76]" started-at="2026-03-04T14:14:15 IST" name="loginDataDrivenTest" data-provider="getLoginData" finished-at="2026-03-04T14:14:26 IST" duration-ms="10543" status="PASS">
          <params>
            <param index="0">
              <value>
                <![CDATA[locked_user]]>
              </value>
            </param>
            <param index="1">
              <value>
                <![CDATA[secret_sauce]]>
              </value>
            </param>
            <param index="2">
              <value>
                <![CDATA[Fail]]>
              </value>
            </param>
            <param index="3">
              <value>
                <![CDATA[3]]>
              </value>
            </param>
          </params>
          <reporter-output>
          </reporter-output>
        </test-method> <!-- loginDataDrivenTest -->
        <test-method is-config="true" signature="closeBrowser()[pri:0, instance:tests.LoginTest@49e53c76]" started-at="2026-03-04T14:14:26 IST" name="closeBrowser" finished-at="2026-03-04T14:14:26 IST" duration-ms="297" status="PASS">
          <reporter-output>
          </reporter-output>
        </test-method> <!-- closeBrowser -->
        <test-method is-config="true" signature="set(java.lang.String,java.lang.String)[pri:0, instance:tests.LoginTest@49e53c76]" started-at="2026-03-04T14:14:26 IST" name="set" finished-at="2026-03-04T14:14:30 IST" duration-ms="3629" status="PASS">
          <params>
            <param index="0">
              <value>
                <![CDATA[chrome]]>
              </value>
            </param>
            <param index="1">
              <value>
                <![CDATA[Linux]]>
              </value>
            </param>
          </params>
          <reporter-output>
          </reporter-output>
        </test-method> <!-- set -->
        <test-method is-config="true" signature="setupPage()[pri:0, instance:tests.LoginTest@49e53c76]" started-at="2026-03-04T14:14:30 IST" name="setupPage" finished-at="2026-03-04T14:14:30 IST" duration-ms="0" status="PASS">
          <reporter-output>
          </reporter-output>
        </test-method> <!-- setupPage -->
        <test-method signature="loginDataDrivenTest(java.lang.String,java.lang.String,java.lang.String,int)[pri:0, instance:tests.LoginTest@49e53c76]" started-at="2026-03-04T14:14:30 IST" name="loginDataDrivenTest" data-provider="getLoginData" finished-at="2026-03-04T14:14:40 IST" duration-ms="10461" status="PASS">
          <params>
            <param index="0">
              <value>
                <![CDATA[]]>
              </value>
            </param>
            <param index="1">
              <value>
                <![CDATA[]]>
              </value>
            </param>
            <param index="2">
              <value>
                <![CDATA[Fail]]>
              </value>
            </param>
            <param index="3">
              <value>
                <![CDATA[4]]>
              </value>
            </param>
          </params>
          <reporter-output>
          </reporter-output>
        </test-method> <!-- loginDataDrivenTest -->
        <test-method is-config="true" signature="closeBrowser()[pri:0, instance:tests.LoginTest@49e53c76]" started-at="2026-03-04T14:14:40 IST" name="closeBrowser" finished-at="2026-03-04T14:14:40 IST" duration-ms="237" status="PASS">
          <reporter-output>
          </reporter-output>
        </test-method> <!-- closeBrowser -->
        <test-method is-config="true" signature="set(java.lang.String,java.lang.String)[pri:0, instance:tests.LoginTest@49e53c76]" started-at="2026-03-04T14:14:40 IST" name="set" finished-at="2026-03-04T14:14:44 IST" duration-ms="4101" status="PASS">
          <params>
            <param index="0">
              <value>
                <![CDATA[chrome]]>
              </value>
            </param>
            <param index="1">
              <value>
                <![CDATA[Linux]]>
              </value>
            </param>
          </params>
          <reporter-output>
          </reporter-output>
        </test-method> <!-- set -->
        <test-method signature="loginDataDrivenTest(java.lang.String,java.lang.String,java.lang.String,int)[pri:0, instance:tests.LoginTest@49e53c76]" started-at="2026-03-04T14:14:44 IST" name="loginDataDrivenTest" data-provider="getLoginData" finished-at="2026-03-04T14:14:55 IST" duration-ms="10686" status="PASS">
          <params>
            <param index="0">
              <value>
                <![CDATA[]]>
              </value>
            </param>
            <param index="1">
              <value>
                <![CDATA[secret_sauce]]>
              </value>
            </param>
            <param index="2">
              <value>
                <![CDATA[Fail]]>
              </value>
            </param>
            <param index="3">
              <value>
                <![CDATA[5]]>
              </value>
            </param>
          </params>
          <reporter-output>
          </reporter-output>
        </test-method> <!-- loginDataDrivenTest -->
        <test-method is-config="true" signature="setupPage()[pri:0, instance:tests.LoginTest@49e53c76]" started-at="2026-03-04T14:14:44 IST" name="setupPage" finished-at="2026-03-04T14:14:44 IST" duration-ms="0" status="PASS">
          <reporter-output>
          </reporter-output>
        </test-method> <!-- setupPage -->
        <test-method is-config="true" signature="closeBrowser()[pri:0, instance:tests.LoginTest@49e53c76]" started-at="2026-03-04T14:14:55 IST" name="closeBrowser" finished-at="2026-03-04T14:14:55 IST" duration-ms="389" status="PASS">
          <reporter-output>
          </reporter-output>
        </test-method> <!-- closeBrowser -->
        <test-method is-config="true" signature="set(java.lang.String,java.lang.String)[pri:0, instance:tests.LoginTest@49e53c76]" started-at="2026-03-04T14:14:55 IST" name="set" finished-at="2026-03-04T14:14:57 IST" duration-ms="1483" status="PASS">
          <params>
            <param index="0">
              <value>
                <![CDATA[chrome]]>
              </value>
            </param>
            <param index="1">
              <value>
                <![CDATA[Linux]]>
              </value>
            </param>
          </params>
          <reporter-output>
          </reporter-output>
        </test-method> <!-- set -->
        <test-method signature="loginDataDrivenTest(java.lang.String,java.lang.String,java.lang.String,int)[pri:0, instance:tests.LoginTest@49e53c76]" started-at="2026-03-04T14:14:57 IST" name="loginDataDrivenTest" data-provider="getLoginData" finished-at="2026-03-04T14:15:08 IST" duration-ms="11320" status="PASS">
          <params>
            <param index="0">
              <value>
                <![CDATA[standard_user]]>
              </value>
            </param>
            <param index="1">
              <value>
                <![CDATA[]]>
              </value>
            </param>
            <param index="2">
              <value>
                <![CDATA[Fail]]>
              </value>
            </param>
            <param index="3">
              <value>
                <![CDATA[6]]>
              </value>
            </param>
          </params>
          <reporter-output>
          </reporter-output>
        </test-method> <!-- loginDataDrivenTest -->
        <test-method is-config="true" signature="setupPage()[pri:0, instance:tests.LoginTest@49e53c76]" started-at="2026-03-04T14:14:57 IST" name="setupPage" finished-at="2026-03-04T14:14:57 IST" duration-ms="0" status="PASS">
          <reporter-output>
          </reporter-output>
        </test-method> <!-- setupPage -->
        <test-method is-config="true" signature="closeBrowser()[pri:0, instance:tests.LoginTest@49e53c76]" started-at="2026-03-04T14:15:08 IST" name="closeBrowser" finished-at="2026-03-04T14:15:09 IST" duration-ms="360" status="PASS">
          <reporter-output>
          </reporter-output>
        </test-method> <!-- closeBrowser -->
        <test-method is-config="true" signature="set(java.lang.String,java.lang.String)[pri:0, instance:tests.LoginTest@49e53c76]" started-at="2026-03-04T14:15:09 IST" name="set" finished-at="2026-03-04T14:15:11 IST" duration-ms="2638" status="PASS">
          <params>
            <param index="0">
              <value>
                <![CDATA[chrome]]>
              </value>
            </param>
            <param index="1">
              <value>
                <![CDATA[Linux]]>
              </value>
            </param>
          </params>
          <reporter-output>
          </reporter-output>
        </test-method> <!-- set -->
        <test-method is-config="true" signature="setupPage()[pri:0, instance:tests.LoginTest@49e53c76]" started-at="2026-03-04T14:15:11 IST" name="setupPage" finished-at="2026-03-04T14:15:11 IST" duration-ms="1" status="PASS">
          <reporter-output>
          </reporter-output>
        </test-method> <!-- setupPage -->
        <test-method signature="loginDataDrivenTest(java.lang.String,java.lang.String,java.lang.String,int)[pri:0, instance:tests.LoginTest@49e53c76]" started-at="2026-03-04T14:15:11 IST" name="loginDataDrivenTest" data-provider="getLoginData" finished-at="2026-03-04T14:15:24 IST" duration-ms="12662" status="PASS">
          <params>
            <param index="0">
              <value>
                <![CDATA[incorrect]]>
              </value>
            </param>
            <param index="1">
              <value>
                <![CDATA[incorrect]]>
              </value>
            </param>
            <param index="2">
              <value>
                <![CDATA[Fail]]>
              </value>
            </param>
            <param index="3">
              <value>
                <![CDATA[7]]>
              </value>
            </param>
          </params>
          <reporter-output>
          </reporter-output>
        </test-method> <!-- loginDataDrivenTest -->
        <test-method is-config="true" signature="closeBrowser()[pri:0, instance:tests.LoginTest@49e53c76]" started-at="2026-03-04T14:15:24 IST" name="closeBrowser" finished-at="2026-03-04T14:15:24 IST" duration-ms="274" status="PASS">
          <reporter-output>
          </reporter-output>
        </test-method> <!-- closeBrowser -->
        <test-method is-config="true" signature="set(java.lang.String,java.lang.String)[pri:0, instance:tests.LoginTest@49e53c76]" started-at="2026-03-04T14:15:24 IST" name="set" finished-at="2026-03-04T14:15:27 IST" duration-ms="2435" status="PASS">
          <params>
            <param index="0">
              <value>
                <![CDATA[chrome]]>
              </value>
            </param>
            <param index="1">
              <value>
                <![CDATA[Linux]]>
              </value>
            </param>
          </params>
          <reporter-output>
          </reporter-output>
        </test-method> <!-- set -->
        <test-method is-config="true" signature="setupPage()[pri:0, instance:tests.LoginTest@49e53c76]" started-at="2026-03-04T14:15:27 IST" name="setupPage" finished-at="2026-03-04T14:15:27 IST" duration-ms="4" status="PASS">
          <reporter-output>
          </reporter-output>
        </test-method> <!-- setupPage -->
        <test-method signature="passwordMaskTest()[pri:0, instance:tests.LoginTest@49e53c76]" started-at="2026-03-04T14:15:27 IST" name="passwordMaskTest" finished-at="2026-03-04T14:15:27 IST" duration-ms="26" status="PASS">
          <reporter-output>
          </reporter-output>
        </test-method> <!-- passwordMaskTest -->
        <test-method is-config="true" signature="closeBrowser()[pri:0, instance:tests.LoginTest@49e53c76]" started-at="2026-03-04T14:15:27 IST" name="closeBrowser" finished-at="2026-03-04T14:15:27 IST" duration-ms="254" status="PASS">
          <reporter-output>
          </reporter-output>
        </test-method> <!-- closeBrowser -->
        <test-method is-config="true" signature="set(java.lang.String,java.lang.String)[pri:0, instance:tests.LoginTest@49e53c76]" started-at="2026-03-04T14:15:27 IST" name="set" finished-at="2026-03-04T14:15:30 IST" duration-ms="2772" status="PASS">
          <params>
            <param index="0">
              <value>
                <![CDATA[chrome]]>
              </value>
            </param>
            <param index="1">
              <value>
                <![CDATA[Linux]]>
              </value>
            </param>
          </params>
          <reporter-output>
          </reporter-output>
        </test-method> <!-- set -->
        <test-method signature="refreshClearsFieldsTest()[pri:0, instance:tests.LoginTest@49e53c76]" started-at="2026-03-04T14:15:30 IST" name="refreshClearsFieldsTest" finished-at="2026-03-04T14:15:30 IST" duration-ms="418" status="PASS">
          <reporter-output>
          </reporter-output>
        </test-method> <!-- refreshClearsFieldsTest -->
        <test-method is-config="true" signature="setupPage()[pri:0, instance:tests.LoginTest@49e53c76]" started-at="2026-03-04T14:15:30 IST" name="setupPage" finished-at="2026-03-04T14:15:30 IST" duration-ms="0" status="PASS">
          <reporter-output>
          </reporter-output>
        </test-method> <!-- setupPage -->
        <test-method is-config="true" signature="closeBrowser()[pri:0, instance:tests.LoginTest@49e53c76]" started-at="2026-03-04T14:15:30 IST" name="closeBrowser" finished-at="2026-03-04T14:15:30 IST" duration-ms="263" status="PASS">
          <reporter-output>
          </reporter-output>
        </test-method> <!-- closeBrowser -->
        <test-method is-config="true" signature="set(java.lang.String,java.lang.String)[pri:0, instance:tests.LoginTest@49e53c76]" started-at="2026-03-04T14:15:30 IST" name="set" finished-at="2026-03-04T14:15:34 IST" duration-ms="3671" status="PASS">
          <params>
            <param index="0">
              <value>
                <![CDATA[chrome]]>
              </value>
            </param>
            <param index="1">
              <value>
                <![CDATA[Linux]]>
              </value>
            </param>
          </params>
          <reporter-output>
          </reporter-output>
        </test-method> <!-- set -->
        <test-method signature="validLogin(java.lang.String)[pri:0, instance:tests.LoginTest@49e53c76]" started-at="2026-03-04T14:15:34 IST" name="validLogin" finished-at="2026-03-04T14:15:35 IST" duration-ms="489" status="PASS">
          <params>
            <param index="0">
              <value>
                <![CDATA[standard_user]]>
              </value>
            </param>
          </params>
          <reporter-output>
          </reporter-output>
        </test-method> <!-- validLogin -->
        <test-method is-config="true" signature="setupPage()[pri:0, instance:tests.LoginTest@49e53c76]" started-at="2026-03-04T14:15:34 IST" name="setupPage" finished-at="2026-03-04T14:15:34 IST" duration-ms="0" status="PASS">
          <reporter-output>
          </reporter-output>
        </test-method> <!-- setupPage -->
        <test-method is-config="true" signature="closeBrowser()[pri:0, instance:tests.LoginTest@49e53c76]" started-at="2026-03-04T14:15:35 IST" name="closeBrowser" finished-at="2026-03-04T14:15:35 IST" duration-ms="223" status="PASS">
          <reporter-output>
          </reporter-output>
        </test-method> <!-- closeBrowser -->
      </class> <!-- tests.LoginTest -->
      <class name="tests.CheckOutTest">
        <test-method is-config="true" signature="set(java.lang.String,java.lang.String)[pri:0, instance:tests.CheckOutTest@2a3b5b47]" started-at="2026-03-04T14:16:57 IST" name="set" finished-at="2026-03-04T14:16:59 IST" duration-ms="2833" status="PASS">
          <params>
            <param index="0">
              <value>
                <![CDATA[chrome]]>
              </value>
            </param>
            <param index="1">
              <value>
                <![CDATA[Linux]]>
              </value>
            </param>
          </params>
          <reporter-output>
          </reporter-output>
        </test-method> <!-- set -->
        <test-method is-config="true" signature="setup(java.lang.String)[pri:0, instance:tests.CheckOutTest@2a3b5b47]" started-at="2026-03-04T14:16:59 IST" name="setup" finished-at="2026-03-04T14:17:00 IST" duration-ms="497" status="PASS">
          <params>
            <param index="0">
              <value>
                <![CDATA[standard_user]]>
              </value>
            </param>
          </params>
          <reporter-output>
          </reporter-output>
        </test-method> <!-- setup -->
        <test-method signature="verifyBackHomeButton()[pri:0, instance:tests.CheckOutTest@2a3b5b47]" started-at="2026-03-04T14:17:00 IST" name="verifyBackHomeButton" finished-at="2026-03-04T14:17:01 IST" duration-ms="1231" status="PASS">
          <reporter-output>
          </reporter-output>
        </test-method> <!-- verifyBackHomeButton -->
        <test-method is-config="true" signature="closeBrowser()[pri:0, instance:tests.CheckOutTest@2a3b5b47]" started-at="2026-03-04T14:17:01 IST" name="closeBrowser" finished-at="2026-03-04T14:17:02 IST" duration-ms="528" status="PASS">
          <reporter-output>
          </reporter-output>
        </test-method> <!-- closeBrowser -->
        <test-method is-config="true" signature="set(java.lang.String,java.lang.String)[pri:0, instance:tests.CheckOutTest@2a3b5b47]" started-at="2026-03-04T14:17:02 IST" name="set" finished-at="2026-03-04T14:17:06 IST" duration-ms="3851" status="PASS">
          <params>
            <param index="0">
              <value>
                <![CDATA[chrome]]>
              </value>
            </param>
            <param index="1">
              <value>
                <![CDATA[Linux]]>
              </value>
            </param>
          </params>
          <reporter-output>
          </reporter-output>
        </test-method> <!-- set -->
        <test-method is-config="true" signature="setup(java.lang.String)[pri:0, instance:tests.CheckOutTest@2a3b5b47]" started-at="2026-03-04T14:17:06 IST" name="setup" finished-at="2026-03-04T14:17:06 IST" duration-ms="505" status="PASS">
          <params>
            <param index="0">
              <value>
                <![CDATA[standard_user]]>
              </value>
            </param>
          </params>
          <reporter-output>
          </reporter-output>
        </test-method> <!-- setup -->
        <test-method signature="verifyCancelButton()[pri:0, instance:tests.CheckOutTest@2a3b5b47]" started-at="2026-03-04T14:17:06 IST" name="verifyCancelButton" finished-at="2026-03-04T14:17:07 IST" duration-ms="473" status="PASS">
          <reporter-output>
          </reporter-output>
        </test-method> <!-- verifyCancelButton -->
        <test-method is-config="true" signature="closeBrowser()[pri:0, instance:tests.CheckOutTest@2a3b5b47]" started-at="2026-03-04T14:17:07 IST" name="closeBrowser" finished-at="2026-03-04T14:17:07 IST" duration-ms="251" status="PASS">
          <reporter-output>
          </reporter-output>
        </test-method> <!-- closeBrowser -->
        <test-method is-config="true" signature="set(java.lang.String,java.lang.String)[pri:0, instance:tests.CheckOutTest@2a3b5b47]" started-at="2026-03-04T14:17:07 IST" name="set" finished-at="2026-03-04T14:17:10 IST" duration-ms="2764" status="PASS">
          <params>
            <param index="0">
              <value>
                <![CDATA[chrome]]>
              </value>
            </param>
            <param index="1">
              <value>
                <![CDATA[Linux]]>
              </value>
            </param>
          </params>
          <reporter-output>
          </reporter-output>
        </test-method> <!-- set -->
        <test-method is-config="true" signature="setup(java.lang.String)[pri:0, instance:tests.CheckOutTest@2a3b5b47]" started-at="2026-03-04T14:17:10 IST" name="setup" finished-at="2026-03-04T14:17:10 IST" duration-ms="448" status="PASS">
          <params>
            <param index="0">
              <value>
                <![CDATA[standard_user]]>
              </value>
            </param>
          </params>
          <reporter-output>
          </reporter-output>
        </test-method> <!-- setup -->
        <test-method signature="verifyCartBadgeCount()[pri:0, instance:tests.CheckOutTest@2a3b5b47]" started-at="2026-03-04T14:17:10 IST" name="verifyCartBadgeCount" finished-at="2026-03-04T14:17:11 IST" duration-ms="1127" status="PASS">
          <reporter-output>
          </reporter-output>
        </test-method> <!-- verifyCartBadgeCount -->
        <test-method is-config="true" signature="closeBrowser()[pri:0, instance:tests.CheckOutTest@2a3b5b47]" started-at="2026-03-04T14:17:11 IST" name="closeBrowser" finished-at="2026-03-04T14:17:11 IST" duration-ms="268" status="PASS">
          <reporter-output>
          </reporter-output>
        </test-method> <!-- closeBrowser -->
        <test-method is-config="true" signature="set(java.lang.String,java.lang.String)[pri:0, instance:tests.CheckOutTest@2a3b5b47]" started-at="2026-03-04T14:17:11 IST" name="set" finished-at="2026-03-04T14:17:14 IST" duration-ms="2322" status="PASS">
          <params>
            <param index="0">
              <value>
                <![CDATA[chrome]]>
              </value>
            </param>
            <param index="1">
              <value>
                <![CDATA[Linux]]>
              </value>
            </param>
          </params>
          <reporter-output>
          </reporter-output>
        </test-method> <!-- set -->
        <test-method is-config="true" signature="setup(java.lang.String)[pri:0, instance:tests.CheckOutTest@2a3b5b47]" started-at="2026-03-04T14:17:14 IST" name="setup" finished-at="2026-03-04T14:17:16 IST" duration-ms="2201" status="PASS">
          <params>
            <param index="0">
              <value>
                <![CDATA[standard_user]]>
              </value>
            </param>
          </params>
          <reporter-output>
          </reporter-output>
        </test-method> <!-- setup -->
        <test-method signature="verifyCartTotalCalculation()[pri:0, instance:tests.CheckOutTest@2a3b5b47]" started-at="2026-03-04T14:17:16 IST" name="verifyCartTotalCalculation" finished-at="2026-03-04T14:17:17 IST" duration-ms="1045" status="PASS">
          <reporter-output>
          </reporter-output>
        </test-method> <!-- verifyCartTotalCalculation -->
        <test-method is-config="true" signature="closeBrowser()[pri:0, instance:tests.CheckOutTest@2a3b5b47]" started-at="2026-03-04T14:17:17 IST" name="closeBrowser" finished-at="2026-03-04T14:17:17 IST" duration-ms="259" status="PASS">
          <reporter-output>
          </reporter-output>
        </test-method> <!-- closeBrowser -->
        <test-method is-config="true" signature="set(java.lang.String,java.lang.String)[pri:0, instance:tests.CheckOutTest@2a3b5b47]" started-at="2026-03-04T14:17:17 IST" name="set" finished-at="2026-03-04T14:17:19 IST" duration-ms="1520" status="PASS">
          <params>
            <param index="0">
              <value>
                <![CDATA[chrome]]>
              </value>
            </param>
            <param index="1">
              <value>
                <![CDATA[Linux]]>
              </value>
            </param>
          </params>
          <reporter-output>
          </reporter-output>
        </test-method> <!-- set -->
        <test-method is-config="true" signature="setup(java.lang.String)[pri:0, instance:tests.CheckOutTest@2a3b5b47]" started-at="2026-03-04T14:17:19 IST" name="setup" finished-at="2026-03-04T14:17:20 IST" duration-ms="1487" status="PASS">
          <params>
            <param index="0">
              <value>
                <![CDATA[standard_user]]>
              </value>
            </param>
          </params>
          <reporter-output>
          </reporter-output>
        </test-method> <!-- setup -->
        <test-method signature="verifyContinueWithInfo()[pri:0, instance:tests.CheckOutTest@2a3b5b47]" started-at="2026-03-04T14:17:20 IST" name="verifyContinueWithInfo" finished-at="2026-03-04T14:17:21 IST" duration-ms="805" status="PASS">
          <reporter-output>
          </reporter-output>
        </test-method> <!-- verifyContinueWithInfo -->
        <test-method is-config="true" signature="closeBrowser()[pri:0, instance:tests.CheckOutTest@2a3b5b47]" started-at="2026-03-04T14:17:21 IST" name="closeBrowser" finished-at="2026-03-04T14:17:21 IST" duration-ms="242" status="PASS">
          <reporter-output>
          </reporter-output>
        </test-method> <!-- closeBrowser -->
        <test-method is-config="true" signature="set(java.lang.String,java.lang.String)[pri:0, instance:tests.CheckOutTest@2a3b5b47]" started-at="2026-03-04T14:17:21 IST" name="set" finished-at="2026-03-04T14:17:25 IST" duration-ms="4072" status="PASS">
          <params>
            <param index="0">
              <value>
                <![CDATA[chrome]]>
              </value>
            </param>
            <param index="1">
              <value>
                <![CDATA[Linux]]>
              </value>
            </param>
          </params>
          <reporter-output>
          </reporter-output>
        </test-method> <!-- set -->
        <test-method is-config="true" signature="setup(java.lang.String)[pri:0, instance:tests.CheckOutTest@2a3b5b47]" started-at="2026-03-04T14:17:25 IST" name="setup" finished-at="2026-03-04T14:17:26 IST" duration-ms="497" status="PASS">
          <params>
            <param index="0">
              <value>
                <![CDATA[standard_user]]>
              </value>
            </param>
          </params>
          <reporter-output>
          </reporter-output>
        </test-method> <!-- setup -->
        <test-method signature="verifyContinueWithoutInfo()[pri:0, instance:tests.CheckOutTest@2a3b5b47]" started-at="2026-03-04T14:17:26 IST" name="verifyContinueWithoutInfo" finished-at="2026-03-04T14:17:26 IST" duration-ms="462" status="PASS">
          <reporter-output>
          </reporter-output>
        </test-method> <!-- verifyContinueWithoutInfo -->
        <test-method is-config="true" signature="closeBrowser()[pri:0, instance:tests.CheckOutTest@2a3b5b47]" started-at="2026-03-04T14:17:26 IST" name="closeBrowser" finished-at="2026-03-04T14:17:27 IST" duration-ms="303" status="PASS">
          <reporter-output>
          </reporter-output>
        </test-method> <!-- closeBrowser -->
        <test-method is-config="true" signature="set(java.lang.String,java.lang.String)[pri:0, instance:tests.CheckOutTest@2a3b5b47]" started-at="2026-03-04T14:17:27 IST" name="set" finished-at="2026-03-04T14:17:29 IST" duration-ms="1975" status="PASS">
          <params>
            <param index="0">
              <value>
                <![CDATA[chrome]]>
              </value>
            </param>
            <param index="1">
              <value>
                <![CDATA[Linux]]>
              </value>
            </param>
          </params>
          <reporter-output>
          </reporter-output>
        </test-method> <!-- set -->
        <test-method is-config="true" signature="setup(java.lang.String)[pri:0, instance:tests.CheckOutTest@2a3b5b47]" started-at="2026-03-04T14:17:29 IST" name="setup" finished-at="2026-03-04T14:17:30 IST" duration-ms="1773" status="PASS">
          <params>
            <param index="0">
              <value>
                <![CDATA[standard_user]]>
              </value>
            </param>
          </params>
          <reporter-output>
          </reporter-output>
        </test-method> <!-- setup -->
        <test-method signature="verifyFinishOrder()[pri:0, instance:tests.CheckOutTest@2a3b5b47]" started-at="2026-03-04T14:17:30 IST" name="verifyFinishOrder" finished-at="2026-03-04T14:17:31 IST" duration-ms="873" status="PASS">
          <reporter-output>
          </reporter-output>
        </test-method> <!-- verifyFinishOrder -->
        <test-method is-config="true" signature="closeBrowser()[pri:0, instance:tests.CheckOutTest@2a3b5b47]" started-at="2026-03-04T14:17:31 IST" name="closeBrowser" finished-at="2026-03-04T14:17:32 IST" duration-ms="270" status="PASS">
          <reporter-output>
          </reporter-output>
        </test-method> <!-- closeBrowser -->
        <test-method is-config="true" signature="set(java.lang.String,java.lang.String)[pri:0, instance:tests.CheckOutTest@2a3b5b47]" started-at="2026-03-04T14:17:32 IST" name="set" finished-at="2026-03-04T14:17:36 IST" duration-ms="4087" status="PASS">
          <params>
            <param index="0">
              <value>
                <![CDATA[chrome]]>
              </value>
            </param>
            <param index="1">
              <value>
                <![CDATA[Linux]]>
              </value>
            </param>
          </params>
          <reporter-output>
          </reporter-output>
        </test-method> <!-- set -->
        <test-method is-config="true" signature="setup(java.lang.String)[pri:0, instance:tests.CheckOutTest@2a3b5b47]" started-at="2026-03-04T14:17:36 IST" name="setup" finished-at="2026-03-04T14:17:36 IST" duration-ms="518" status="PASS">
          <params>
            <param index="0">
              <value>
                <![CDATA[standard_user]]>
              </value>
            </param>
          </params>
          <reporter-output>
          </reporter-output>
        </test-method> <!-- setup -->
        <test-method signature="verifyItemTotalCalculation()[pri:0, instance:tests.CheckOutTest@2a3b5b47]" started-at="2026-03-04T14:17:36 IST" name="verifyItemTotalCalculation" finished-at="2026-03-04T14:17:37 IST" duration-ms="1172" status="PASS">
          <reporter-output>
          </reporter-output>
        </test-method> <!-- verifyItemTotalCalculation -->
        <test-method is-config="true" signature="closeBrowser()[pri:0, instance:tests.CheckOutTest@2a3b5b47]" started-at="2026-03-04T14:17:37 IST" name="closeBrowser" finished-at="2026-03-04T14:17:38 IST" duration-ms="265" status="PASS">
          <reporter-output>
          </reporter-output>
        </test-method> <!-- closeBrowser -->
      </class> <!-- tests.CheckOutTest -->
      <class name="tests.ValidEndToEndTest">
        <test-method is-config="true" signature="set(java.lang.String,java.lang.String)[pri:0, instance:tests.ValidEndToEndTest@55b699ef]" started-at="2026-03-04T14:17:38 IST" name="set" finished-at="2026-03-04T14:17:39 IST" duration-ms="1653" status="PASS">
          <params>
            <param index="0">
              <value>
                <![CDATA[chrome]]>
              </value>
            </param>
            <param index="1">
              <value>
                <![CDATA[Linux]]>
              </value>
            </param>
          </params>
          <reporter-output>
          </reporter-output>
        </test-method> <!-- set -->
        <test-method is-config="true" signature="setup()[pri:0, instance:tests.ValidEndToEndTest@55b699ef]" started-at="2026-03-04T14:17:39 IST" name="setup" finished-at="2026-03-04T14:17:39 IST" duration-ms="34" status="PASS">
          <reporter-output>
          </reporter-output>
        </test-method> <!-- setup -->
        <test-method signature="e2e_AddProductFromCatalog()[pri:1, instance:tests.ValidEndToEndTest@55b699ef]" started-at="2026-03-04T14:17:39 IST" name="e2e_AddProductFromCatalog" finished-at="2026-03-04T14:17:42 IST" duration-ms="2934" status="PASS">
          <reporter-output>
          </reporter-output>
        </test-method> <!-- e2e_AddProductFromCatalog -->
        <test-method is-config="true" signature="closeBrowser()[pri:0, instance:tests.ValidEndToEndTest@55b699ef]" started-at="2026-03-04T14:17:42 IST" name="closeBrowser" finished-at="2026-03-04T14:17:42 IST" duration-ms="281" status="PASS">
          <reporter-output>
          </reporter-output>
        </test-method> <!-- closeBrowser -->
        <test-method is-config="true" signature="set(java.lang.String,java.lang.String)[pri:0, instance:tests.ValidEndToEndTest@55b699ef]" started-at="2026-03-04T14:17:42 IST" name="set" finished-at="2026-03-04T14:17:46 IST" duration-ms="3458" status="PASS">
          <params>
            <param index="0">
              <value>
                <![CDATA[chrome]]>
              </value>
            </param>
            <param index="1">
              <value>
                <![CDATA[Linux]]>
              </value>
            </param>
          </params>
          <reporter-output>
          </reporter-output>
        </test-method> <!-- set -->
        <test-method is-config="true" signature="setup()[pri:0, instance:tests.ValidEndToEndTest@55b699ef]" started-at="2026-03-04T14:17:46 IST" name="setup" finished-at="2026-03-04T14:17:46 IST" duration-ms="7" status="PASS">
          <reporter-output>
          </reporter-output>
        </test-method> <!-- setup -->
        <test-method signature="e2e_AddProductFromDetailPage()[pri:2, instance:tests.ValidEndToEndTest@55b699ef]" started-at="2026-03-04T14:17:46 IST" name="e2e_AddProductFromDetailPage" finished-at="2026-03-04T14:17:48 IST" duration-ms="2195" status="PASS">
          <reporter-output>
          </reporter-output>
        </test-method> <!-- e2e_AddProductFromDetailPage -->
        <test-method is-config="true" signature="closeBrowser()[pri:0, instance:tests.ValidEndToEndTest@55b699ef]" started-at="2026-03-04T14:17:48 IST" name="closeBrowser" finished-at="2026-03-04T14:17:48 IST" duration-ms="253" status="PASS">
          <reporter-output>
          </reporter-output>
        </test-method> <!-- closeBrowser -->
        <test-method is-config="true" signature="set(java.lang.String,java.lang.String)[pri:0, instance:tests.ValidEndToEndTest@55b699ef]" started-at="2026-03-04T14:17:48 IST" name="set" finished-at="2026-03-04T14:17:51 IST" duration-ms="2616" status="PASS">
          <params>
            <param index="0">
              <value>
                <![CDATA[chrome]]>
              </value>
            </param>
            <param index="1">
              <value>
                <![CDATA[Linux]]>
              </value>
            </param>
          </params>
          <reporter-output>
          </reporter-output>
        </test-method> <!-- set -->
        <test-method is-config="true" signature="setup()[pri:0, instance:tests.ValidEndToEndTest@55b699ef]" started-at="2026-03-04T14:17:51 IST" name="setup" finished-at="2026-03-04T14:17:51 IST" duration-ms="3" status="PASS">
          <reporter-output>
          </reporter-output>
        </test-method> <!-- setup -->
        <test-method signature="e2e_MultipleProductsCheckout()[pri:3, instance:tests.ValidEndToEndTest@55b699ef]" started-at="2026-03-04T14:17:51 IST" name="e2e_MultipleProductsCheckout" finished-at="2026-03-04T14:17:53 IST" duration-ms="1766" status="PASS">
          <reporter-output>
          </reporter-output>
        </test-method> <!-- e2e_MultipleProductsCheckout -->
        <test-method is-config="true" signature="closeBrowser()[pri:0, instance:tests.ValidEndToEndTest@55b699ef]" started-at="2026-03-04T14:17:53 IST" name="closeBrowser" finished-at="2026-03-04T14:17:53 IST" duration-ms="269" status="PASS">
          <reporter-output>
          </reporter-output>
        </test-method> <!-- closeBrowser -->
      </class> <!-- tests.ValidEndToEndTest -->
      <class name="tests.CartTest">
        <test-method is-config="true" signature="set(java.lang.String,java.lang.String)[pri:0, instance:tests.CartTest@38d8f54a]" started-at="2026-03-04T14:13:26 IST" name="set" finished-at="2026-03-04T14:13:27 IST" duration-ms="1618" status="PASS">
          <params>
            <param index="0">
              <value>
                <![CDATA[chrome]]>
              </value>
            </param>
            <param index="1">
              <value>
                <![CDATA[Linux]]>
              </value>
            </param>
          </params>
          <reporter-output>
          </reporter-output>
        </test-method> <!-- set -->
        <test-method is-config="true" signature="openBrowser(java.lang.String)[pri:0, instance:tests.CartTest@38d8f54a]" started-at="2026-03-04T14:13:27 IST" name="openBrowser" finished-at="2026-03-04T14:13:29 IST" duration-ms="1434" status="PASS">
          <params>
            <param index="0">
              <value>
                <![CDATA[standard_user]]>
              </value>
            </param>
          </params>
          <reporter-output>
          </reporter-output>
        </test-method> <!-- openBrowser -->
        <test-method signature="shouldNavigateToCheckoutWhenProductAdded()[pri:0, instance:tests.CartTest@38d8f54a]" started-at="2026-03-04T14:13:29 IST" name="shouldNavigateToCheckoutWhenProductAdded" finished-at="2026-03-04T14:13:29 IST" duration-ms="366" status="PASS">
          <reporter-output>
          </reporter-output>
        </test-method> <!-- shouldNavigateToCheckoutWhenProductAdded -->
        <test-method is-config="true" signature="closeBrowser()[pri:0, instance:tests.CartTest@38d8f54a]" started-at="2026-03-04T14:13:29 IST" name="closeBrowser" finished-at="2026-03-04T14:13:29 IST" duration-ms="217" status="PASS">
          <reporter-output>
          </reporter-output>
        </test-method> <!-- closeBrowser -->
        <test-method is-config="true" signature="set(java.lang.String,java.lang.String)[pri:0, instance:tests.CartTest@38d8f54a]" started-at="2026-03-04T14:13:29 IST" name="set" finished-at="2026-03-04T14:13:31 IST" duration-ms="1682" status="PASS">
          <params>
            <param index="0">
              <value>
                <![CDATA[chrome]]>
              </value>
            </param>
            <param index="1">
              <value>
                <![CDATA[Linux]]>
              </value>
            </param>
          </params>
          <reporter-output>
          </reporter-output>
        </test-method> <!-- set -->
        <test-method is-config="true" signature="openBrowser(java.lang.String)[pri:0, instance:tests.CartTest@38d8f54a]" started-at="2026-03-04T14:13:31 IST" name="openBrowser" finished-at="2026-03-04T14:13:33 IST" duration-ms="2213" status="PASS">
          <params>
            <param index="0">
              <value>
                <![CDATA[standard_user]]>
              </value>
            </param>
          </params>
          <reporter-output>
          </reporter-output>
        </test-method> <!-- openBrowser -->
        <test-method signature="verifyCartItemData()[pri:0, instance:tests.CartTest@38d8f54a]" started-at="2026-03-04T14:13:33 IST" name="verifyCartItemData" finished-at="2026-03-04T14:13:34 IST" duration-ms="497" status="PASS">
          <reporter-output>
          </reporter-output>
        </test-method> <!-- verifyCartItemData -->
        <test-method is-config="true" signature="closeBrowser()[pri:0, instance:tests.CartTest@38d8f54a]" started-at="2026-03-04T14:13:34 IST" name="closeBrowser" finished-at="2026-03-04T14:13:34 IST" duration-ms="239" status="PASS">
          <reporter-output>
          </reporter-output>
        </test-method> <!-- closeBrowser -->
        <test-method is-config="true" signature="set(java.lang.String,java.lang.String)[pri:0, instance:tests.CartTest@38d8f54a]" started-at="2026-03-04T14:13:34 IST" name="set" finished-at="2026-03-04T14:13:37 IST" duration-ms="2448" status="PASS">
          <params>
            <param index="0">
              <value>
                <![CDATA[chrome]]>
              </value>
            </param>
            <param index="1">
              <value>
                <![CDATA[Linux]]>
              </value>
            </param>
          </params>
          <reporter-output>
          </reporter-output>
        </test-method> <!-- set -->
        <test-method is-config="true" signature="openBrowser(java.lang.String)[pri:0, instance:tests.CartTest@38d8f54a]" started-at="2026-03-04T14:13:37 IST" name="openBrowser" finished-at="2026-03-04T14:13:37 IST" duration-ms="450" status="PASS">
          <params>
            <param index="0">
              <value>
                <![CDATA[standard_user]]>
              </value>
            </param>
          </params>
          <reporter-output>
          </reporter-output>
        </test-method> <!-- openBrowser -->
        <test-method signature="verifyCartPersist()[pri:0, instance:tests.CartTest@38d8f54a]" started-at="2026-03-04T14:13:37 IST" name="verifyCartPersist" finished-at="2026-03-04T14:13:37 IST" duration-ms="469" status="PASS">
          <reporter-output>
          </reporter-output>
        </test-method> <!-- verifyCartPersist -->
        <test-method is-config="true" signature="closeBrowser()[pri:0, instance:tests.CartTest@38d8f54a]" started-at="2026-03-04T14:13:37 IST" name="closeBrowser" finished-at="2026-03-04T14:13:38 IST" duration-ms="267" status="PASS">
          <reporter-output>
          </reporter-output>
        </test-method> <!-- closeBrowser -->
        <test-method is-config="true" signature="set(java.lang.String,java.lang.String)[pri:0, instance:tests.CartTest@38d8f54a]" started-at="2026-03-04T14:13:38 IST" name="set" finished-at="2026-03-04T14:13:40 IST" duration-ms="2528" status="PASS">
          <params>
            <param index="0">
              <value>
                <![CDATA[chrome]]>
              </value>
            </param>
            <param index="1">
              <value>
                <![CDATA[Linux]]>
              </value>
            </param>
          </params>
          <reporter-output>
          </reporter-output>
        </test-method> <!-- set -->
        <test-method is-config="true" signature="openBrowser(java.lang.String)[pri:0, instance:tests.CartTest@38d8f54a]" started-at="2026-03-04T14:13:40 IST" name="openBrowser" finished-at="2026-03-04T14:13:41 IST" duration-ms="409" status="PASS">
          <params>
            <param index="0">
              <value>
                <![CDATA[standard_user]]>
              </value>
            </param>
          </params>
          <reporter-output>
          </reporter-output>
        </test-method> <!-- openBrowser -->
        <test-method signature="verifyCheckoutWithEmptyCart()[pri:0, instance:tests.CartTest@38d8f54a]" started-at="2026-03-04T14:13:41 IST" name="verifyCheckoutWithEmptyCart" finished-at="2026-03-04T14:13:41 IST" duration-ms="348" status="FAIL">
          <exception class="java.lang.AssertionError">
            <message>
              <![CDATA[Checkout page should not appear for empty cart expected [false] but found [true]]]>
            </message>
            <full-stacktrace>
              <![CDATA[java.lang.AssertionError: Checkout page should not appear for empty cart expected [false] but found [true]
at org.testng.Assert.fail(Assert.java:111)
at org.testng.Assert.failNotEquals(Assert.java:1578)
at org.testng.Assert.assertFalse(Assert.java:79)
at tests.CartTest.verifyCheckoutWithEmptyCart(CartTest.java:59)
at java.base/jdk.internal.reflect.DirectMethodHandleAccessor.invoke(DirectMethodHandleAccessor.java:103)
at java.base/java.lang.reflect.Method.invoke(Method.java:580)
at org.testng.internal.invokers.MethodInvocationHelper.invokeMethod(MethodInvocationHelper.java:139)
at org.testng.internal.invokers.TestInvoker.invokeMethod(TestInvoker.java:664)
at org.testng.internal.invokers.TestInvoker.invokeTestMethod(TestInvoker.java:228)
at org.testng.internal.invokers.MethodRunner.runInSequence(MethodRunner.java:63)
at org.testng.internal.invokers.TestInvoker$MethodInvocationAgent.invoke(TestInvoker.java:961)
at org.testng.internal.invokers.TestInvoker.invokeTestMethods(TestInvoker.java:201)
at org.testng.internal.invokers.TestMethodWorker.invokeTestMethods(TestMethodWorker.java:148)
at org.testng.internal.invokers.TestMethodWorker.run(TestMethodWorker.java:128)
at java.base/java.util.ArrayList.forEach(ArrayList.java:1596)
at org.testng.TestRunner.privateRun(TestRunner.java:819)
at org.testng.TestRunner.run(TestRunner.java:619)
at org.testng.SuiteRunner.runTest(SuiteRunner.java:443)
at org.testng.SuiteRunner.runSequentially(SuiteRunner.java:437)
at org.testng.SuiteRunner.privateRun(SuiteRunner.java:397)
at org.testng.SuiteRunner.run(SuiteRunner.java:336)
at org.testng.SuiteRunnerWorker.runSuite(SuiteRunnerWorker.java:52)
at org.testng.SuiteRunnerWorker.run(SuiteRunnerWorker.java:95)
at org.testng.TestNG.runSuitesSequentially(TestNG.java:1301)
at org.testng.TestNG.runSuitesLocally(TestNG.java:1228)
at org.testng.TestNG.runSuites(TestNG.java:1134)
at org.testng.TestNG.run(TestNG.java:1101)
at org.apache.maven.surefire.testng.TestNGExecutor.run(TestNGExecutor.java:308)
at org.apache.maven.surefire.testng.TestNGXmlTestSuite.execute(TestNGXmlTestSuite.java:71)
at org.apache.maven.surefire.testng.TestNGProvider.invoke(TestNGProvider.java:113)
at org.apache.maven.surefire.booter.ForkedBooter.runSuitesInProcess(ForkedBooter.java:385)
at org.apache.maven.surefire.booter.ForkedBooter.execute(ForkedBooter.java:162)
at org.apache.maven.surefire.booter.ForkedBooter.run(ForkedBooter.java:507)
at org.apache.maven.surefire.booter.ForkedBooter.main(ForkedBooter.java:495)
]]>
            </full-stacktrace>
          </exception> <!-- java.lang.AssertionError -->
          <reporter-output>
          </reporter-output>
        </test-method> <!-- verifyCheckoutWithEmptyCart -->
        <test-method is-config="true" signature="closeBrowser()[pri:0, instance:tests.CartTest@38d8f54a]" started-at="2026-03-04T14:13:41 IST" name="closeBrowser" finished-at="2026-03-04T14:13:41 IST" duration-ms="266" status="PASS">
          <reporter-output>
          </reporter-output>
        </test-method> <!-- closeBrowser -->
        <test-method is-config="true" signature="set(java.lang.String,java.lang.String)[pri:0, instance:tests.CartTest@38d8f54a]" started-at="2026-03-04T14:13:41 IST" name="set" finished-at="2026-03-04T14:13:45 IST" duration-ms="3370" status="PASS">
          <params>
            <param index="0">
              <value>
                <![CDATA[chrome]]>
              </value>
            </param>
            <param index="1">
              <value>
                <![CDATA[Linux]]>
              </value>
            </param>
          </params>
          <reporter-output>
          </reporter-output>
        </test-method> <!-- set -->
        <test-method is-config="true" signature="openBrowser(java.lang.String)[pri:0, instance:tests.CartTest@38d8f54a]" started-at="2026-03-04T14:13:45 IST" name="openBrowser" finished-at="2026-03-04T14:13:45 IST" duration-ms="415" status="PASS">
          <params>
            <param index="0">
              <value>
                <![CDATA[standard_user]]>
              </value>
            </param>
          </params>
          <reporter-output>
          </reporter-output>
        </test-method> <!-- openBrowser -->
        <test-method signature="verifyContinueShopping()[pri:0, instance:tests.CartTest@38d8f54a]" started-at="2026-03-04T14:13:45 IST" name="verifyContinueShopping" finished-at="2026-03-04T14:13:45 IST" duration-ms="295" status="PASS">
          <reporter-output>
          </reporter-output>
        </test-method> <!-- verifyContinueShopping -->
        <test-method is-config="true" signature="closeBrowser()[pri:0, instance:tests.CartTest@38d8f54a]" started-at="2026-03-04T14:13:45 IST" name="closeBrowser" finished-at="2026-03-04T14:13:46 IST" duration-ms="238" status="PASS">
          <reporter-output>
          </reporter-output>
        </test-method> <!-- closeBrowser -->
        <test-method is-config="true" signature="set(java.lang.String,java.lang.String)[pri:0, instance:tests.CartTest@38d8f54a]" started-at="2026-03-04T14:13:46 IST" name="set" finished-at="2026-03-04T14:13:48 IST" duration-ms="2264" status="PASS">
          <params>
            <param index="0">
              <value>
                <![CDATA[chrome]]>
              </value>
            </param>
            <param index="1">
              <value>
                <![CDATA[Linux]]>
              </value>
            </param>
          </params>
          <reporter-output>
          </reporter-output>
        </test-method> <!-- set -->
        <test-method is-config="true" signature="openBrowser(java.lang.String)[pri:0, instance:tests.CartTest@38d8f54a]" started-at="2026-03-04T14:13:48 IST" name="openBrowser" finished-at="2026-03-04T14:13:48 IST" duration-ms="488" status="PASS">
          <params>
            <param index="0">
              <value>
                <![CDATA[standard_user]]>
              </value>
            </param>
          </params>
          <reporter-output>
          </reporter-output>
        </test-method> <!-- openBrowser -->
        <test-method signature="verifyRemoveItem()[pri:0, instance:tests.CartTest@38d8f54a]" started-at="2026-03-04T14:13:48 IST" name="verifyRemoveItem" finished-at="2026-03-04T14:13:59 IST" duration-ms="10338" status="PASS">
          <reporter-output>
          </reporter-output>
        </test-method> <!-- verifyRemoveItem -->
        <test-method is-config="true" signature="closeBrowser()[pri:0, instance:tests.CartTest@38d8f54a]" started-at="2026-03-04T14:13:59 IST" name="closeBrowser" finished-at="2026-03-04T14:13:59 IST" duration-ms="375" status="PASS">
          <reporter-output>
          </reporter-output>
        </test-method> <!-- closeBrowser -->
      </class> <!-- tests.CartTest -->
      <class name="tests.ProductCatalogTest">
        <test-method is-config="true" signature="set(java.lang.String,java.lang.String)[pri:0, instance:tests.ProductCatalogTest@4fb61f4a]" started-at="2026-03-04T14:12:50 IST" name="set" finished-at="2026-03-04T14:12:55 IST" duration-ms="5083" status="PASS">
          <params>
            <param index="0">
              <value>
                <![CDATA[chrome]]>
              </value>
            </param>
            <param index="1">
              <value>
                <![CDATA[Linux]]>
              </value>
            </param>
          </params>
          <reporter-output>
          </reporter-output>
        </test-method> <!-- set -->
        <test-method is-config="true" signature="openWeb(java.lang.String)[pri:0, instance:tests.ProductCatalogTest@4fb61f4a]" started-at="2026-03-04T14:12:55 IST" name="openWeb" finished-at="2026-03-04T14:12:55 IST" duration-ms="695" status="PASS">
          <params>
            <param index="0">
              <value>
                <![CDATA[standard_user]]>
              </value>
            </param>
          </params>
          <reporter-output>
          </reporter-output>
        </test-method> <!-- openWeb -->
        <test-method signature="shouldAddAllProductsToCart()[pri:0, instance:tests.ProductCatalogTest@4fb61f4a]" started-at="2026-03-04T14:12:55 IST" name="shouldAddAllProductsToCart" finished-at="2026-03-04T14:12:56 IST" duration-ms="511" status="PASS">
          <reporter-output>
          </reporter-output>
        </test-method> <!-- shouldAddAllProductsToCart -->
        <test-method is-config="true" signature="closeBrowser()[pri:0, instance:tests.ProductCatalogTest@4fb61f4a]" started-at="2026-03-04T14:12:56 IST" name="closeBrowser" finished-at="2026-03-04T14:12:56 IST" duration-ms="300" status="PASS">
          <reporter-output>
          </reporter-output>
        </test-method> <!-- closeBrowser -->
        <test-method is-config="true" signature="set(java.lang.String,java.lang.String)[pri:0, instance:tests.ProductCatalogTest@4fb61f4a]" started-at="2026-03-04T14:12:56 IST" name="set" finished-at="2026-03-04T14:12:59 IST" duration-ms="2690" status="PASS">
          <params>
            <param index="0">
              <value>
                <![CDATA[chrome]]>
              </value>
            </param>
            <param index="1">
              <value>
                <![CDATA[Linux]]>
              </value>
            </param>
          </params>
          <reporter-output>
          </reporter-output>
        </test-method> <!-- set -->
        <test-method is-config="true" signature="openWeb(java.lang.String)[pri:0, instance:tests.ProductCatalogTest@4fb61f4a]" started-at="2026-03-04T14:12:59 IST" name="openWeb" finished-at="2026-03-04T14:12:59 IST" duration-ms="439" status="PASS">
          <params>
            <param index="0">
              <value>
                <![CDATA[standard_user]]>
              </value>
            </param>
          </params>
          <reporter-output>
          </reporter-output>
        </test-method> <!-- openWeb -->
        <test-method signature="shouldCloseHamburgerMenu()[pri:0, instance:tests.ProductCatalogTest@4fb61f4a]" started-at="2026-03-04T14:12:59 IST" name="shouldCloseHamburgerMenu" finished-at="2026-03-04T14:13:01 IST" duration-ms="1499" status="PASS">
          <reporter-output>
          </reporter-output>
        </test-method> <!-- shouldCloseHamburgerMenu -->
        <test-method is-config="true" signature="closeBrowser()[pri:0, instance:tests.ProductCatalogTest@4fb61f4a]" started-at="2026-03-04T14:13:01 IST" name="closeBrowser" finished-at="2026-03-04T14:13:01 IST" duration-ms="287" status="PASS">
          <reporter-output>
          </reporter-output>
        </test-method> <!-- closeBrowser -->
        <test-method is-config="true" signature="set(java.lang.String,java.lang.String)[pri:0, instance:tests.ProductCatalogTest@4fb61f4a]" started-at="2026-03-04T14:13:01 IST" name="set" finished-at="2026-03-04T14:13:03 IST" duration-ms="2202" status="PASS">
          <params>
            <param index="0">
              <value>
                <![CDATA[chrome]]>
              </value>
            </param>
            <param index="1">
              <value>
                <![CDATA[Linux]]>
              </value>
            </param>
          </params>
          <reporter-output>
          </reporter-output>
        </test-method> <!-- set -->
        <test-method is-config="true" signature="openWeb(java.lang.String)[pri:0, instance:tests.ProductCatalogTest@4fb61f4a]" started-at="2026-03-04T14:13:03 IST" name="openWeb" finished-at="2026-03-04T14:13:05 IST" duration-ms="2011" status="PASS">
          <params>
            <param index="0">
              <value>
                <![CDATA[standard_user]]>
              </value>
            </param>
          </params>
          <reporter-output>
          </reporter-output>
        </test-method> <!-- openWeb -->
        <test-method signature="shouldDisplayProductList()[pri:0, instance:tests.ProductCatalogTest@4fb61f4a]" started-at="2026-03-04T14:13:05 IST" name="shouldDisplayProductList" finished-at="2026-03-04T14:13:05 IST" duration-ms="171" status="PASS">
          <reporter-output>
          </reporter-output>
        </test-method> <!-- shouldDisplayProductList -->
        <test-method is-config="true" signature="closeBrowser()[pri:0, instance:tests.ProductCatalogTest@4fb61f4a]" started-at="2026-03-04T14:13:05 IST" name="closeBrowser" finished-at="2026-03-04T14:13:06 IST" duration-ms="554" status="PASS">
          <reporter-output>
          </reporter-output>
        </test-method> <!-- closeBrowser -->
        <test-method is-config="true" signature="set(java.lang.String,java.lang.String)[pri:0, instance:tests.ProductCatalogTest@4fb61f4a]" started-at="2026-03-04T14:13:06 IST" name="set" finished-at="2026-03-04T14:13:09 IST" duration-ms="2808" status="PASS">
          <params>
            <param index="0">
              <value>
                <![CDATA[chrome]]>
              </value>
            </param>
            <param index="1">
              <value>
                <![CDATA[Linux]]>
              </value>
            </param>
          </params>
          <reporter-output>
          </reporter-output>
        </test-method> <!-- set -->
        <test-method is-config="true" signature="openWeb(java.lang.String)[pri:0, instance:tests.ProductCatalogTest@4fb61f4a]" started-at="2026-03-04T14:13:09 IST" name="openWeb" finished-at="2026-03-04T14:13:09 IST" duration-ms="421" status="PASS">
          <params>
            <param index="0">
              <value>
                <![CDATA[standard_user]]>
              </value>
            </param>
          </params>
          <reporter-output>
          </reporter-output>
        </test-method> <!-- openWeb -->
        <test-method signature="shouldLogoutSuccessfully()[pri:0, instance:tests.ProductCatalogTest@4fb61f4a]" started-at="2026-03-04T14:13:09 IST" name="shouldLogoutSuccessfully" finished-at="2026-03-04T14:13:10 IST" duration-ms="499" status="PASS">
          <reporter-output>
          </reporter-output>
        </test-method> <!-- shouldLogoutSuccessfully -->
        <test-method is-config="true" signature="closeBrowser()[pri:0, instance:tests.ProductCatalogTest@4fb61f4a]" started-at="2026-03-04T14:13:10 IST" name="closeBrowser" finished-at="2026-03-04T14:13:10 IST" duration-ms="235" status="PASS">
          <reporter-output>
          </reporter-output>
        </test-method> <!-- closeBrowser -->
        <test-method is-config="true" signature="set(java.lang.String,java.lang.String)[pri:0, instance:tests.ProductCatalogTest@4fb61f4a]" started-at="2026-03-04T14:13:10 IST" name="set" finished-at="2026-03-04T14:13:14 IST" duration-ms="4259" status="PASS">
          <params>
            <param index="0">
              <value>
                <![CDATA[chrome]]>
              </value>
            </param>
            <param index="1">
              <value>
                <![CDATA[Linux]]>
              </value>
            </param>
          </params>
          <reporter-output>
          </reporter-output>
        </test-method> <!-- set -->
        <test-method is-config="true" signature="openWeb(java.lang.String)[pri:0, instance:tests.ProductCatalogTest@4fb61f4a]" started-at="2026-03-04T14:13:14 IST" name="openWeb" finished-at="2026-03-04T14:13:15 IST" duration-ms="565" status="PASS">
          <params>
            <param index="0">
              <value>
                <![CDATA[standard_user]]>
              </value>
            </param>
          </params>
          <reporter-output>
          </reporter-output>
        </test-method> <!-- openWeb -->
        <test-method signature="shouldMatchProductDetailsBetweenCatalogAndDetailsPage()[pri:0, instance:tests.ProductCatalogTest@4fb61f4a]" started-at="2026-03-04T14:13:15 IST" name="shouldMatchProductDetailsBetweenCatalogAndDetailsPage" finished-at="2026-03-04T14:13:15 IST" duration-ms="485" status="PASS">
          <reporter-output>
          </reporter-output>
        </test-method> <!-- shouldMatchProductDetailsBetweenCatalogAndDetailsPage -->
        <test-method is-config="true" signature="closeBrowser()[pri:0, instance:tests.ProductCatalogTest@4fb61f4a]" started-at="2026-03-04T14:13:15 IST" name="closeBrowser" finished-at="2026-03-04T14:13:16 IST" duration-ms="238" status="PASS">
          <reporter-output>
          </reporter-output>
        </test-method> <!-- closeBrowser -->
        <test-method is-config="true" signature="set(java.lang.String,java.lang.String)[pri:0, instance:tests.ProductCatalogTest@4fb61f4a]" started-at="2026-03-04T14:13:16 IST" name="set" finished-at="2026-03-04T14:13:18 IST" duration-ms="2454" status="PASS">
          <params>
            <param index="0">
              <value>
                <![CDATA[chrome]]>
              </value>
            </param>
            <param index="1">
              <value>
                <![CDATA[Linux]]>
              </value>
            </param>
          </params>
          <reporter-output>
          </reporter-output>
        </test-method> <!-- set -->
        <test-method is-config="true" signature="openWeb(java.lang.String)[pri:0, instance:tests.ProductCatalogTest@4fb61f4a]" started-at="2026-03-04T14:13:18 IST" name="openWeb" finished-at="2026-03-04T14:13:18 IST" duration-ms="426" status="PASS">
          <params>
            <param index="0">
              <value>
                <![CDATA[standard_user]]>
              </value>
            </param>
          </params>
          <reporter-output>
          </reporter-output>
        </test-method> <!-- openWeb -->
        <test-method signature="shouldOpenHamburgerMenu()[pri:0, instance:tests.ProductCatalogTest@4fb61f4a]" started-at="2026-03-04T14:13:18 IST" name="shouldOpenHamburgerMenu" finished-at="2026-03-04T14:13:19 IST" duration-ms="796" status="PASS">
          <reporter-output>
          </reporter-output>
        </test-method> <!-- shouldOpenHamburgerMenu -->
        <test-method is-config="true" signature="closeBrowser()[pri:0, instance:tests.ProductCatalogTest@4fb61f4a]" started-at="2026-03-04T14:13:19 IST" name="closeBrowser" finished-at="2026-03-04T14:13:20 IST" duration-ms="828" status="PASS">
          <reporter-output>
          </reporter-output>
        </test-method> <!-- closeBrowser -->
        <test-method is-config="true" signature="set(java.lang.String,java.lang.String)[pri:0, instance:tests.ProductCatalogTest@4fb61f4a]" started-at="2026-03-04T14:13:20 IST" name="set" finished-at="2026-03-04T14:13:22 IST" duration-ms="2072" status="PASS">
          <params>
            <param index="0">
              <value>
                <![CDATA[chrome]]>
              </value>
            </param>
            <param index="1">
              <value>
                <![CDATA[Linux]]>
              </value>
            </param>
          </params>
          <reporter-output>
          </reporter-output>
        </test-method> <!-- set -->
        <test-method is-config="true" signature="openWeb(java.lang.String)[pri:0, instance:tests.ProductCatalogTest@4fb61f4a]" started-at="2026-03-04T14:13:22 IST" name="openWeb" finished-at="2026-03-04T14:13:24 IST" duration-ms="2330" status="PASS">
          <params>
            <param index="0">
              <value>
                <![CDATA[standard_user]]>
              </value>
            </param>
          </params>
          <reporter-output>
          </reporter-output>
        </test-method> <!-- openWeb -->
        <test-method signature="shouldSortProductsCorrectly()[pri:0, instance:tests.ProductCatalogTest@4fb61f4a]" started-at="2026-03-04T14:13:24 IST" name="shouldSortProductsCorrectly" finished-at="2026-03-04T14:13:26 IST" duration-ms="1079" status="PASS">
          <reporter-output>
          </reporter-output>
        </test-method> <!-- shouldSortProductsCorrectly -->
        <test-method is-config="true" signature="closeBrowser()[pri:0, instance:tests.ProductCatalogTest@4fb61f4a]" started-at="2026-03-04T14:13:26 IST" name="closeBrowser" finished-at="2026-03-04T14:13:26 IST" duration-ms="278" status="PASS">
          <reporter-output>
          </reporter-output>
        </test-method> <!-- closeBrowser -->
      </class> <!-- tests.ProductCatalogTest -->
      <class name="tests.ProductPageTest">
        <test-method is-config="true" signature="set(java.lang.String,java.lang.String)[pri:0, instance:tests.ProductPageTest@351d00c0]" started-at="2026-03-04T14:15:35 IST" name="set" finished-at="2026-03-04T14:15:37 IST" duration-ms="2700" status="PASS">
          <params>
            <param index="0">
              <value>
                <![CDATA[chrome]]>
              </value>
            </param>
            <param index="1">
              <value>
                <![CDATA[Linux]]>
              </value>
            </param>
          </params>
          <reporter-output>
          </reporter-output>
        </test-method> <!-- set -->
        <test-method is-config="true" signature="openWeb(java.lang.String)[pri:0, instance:tests.ProductPageTest@351d00c0]" started-at="2026-03-04T14:15:37 IST" name="openWeb" finished-at="2026-03-04T14:15:38 IST" duration-ms="439" status="PASS">
          <params>
            <param index="0">
              <value>
                <![CDATA[standard_user]]>
              </value>
            </param>
          </params>
          <reporter-output>
          </reporter-output>
        </test-method> <!-- openWeb -->
        <test-method signature="verifyFirstProductDetails()[pri:1, instance:tests.ProductPageTest@351d00c0]" started-at="2026-03-04T14:15:38 IST" name="verifyFirstProductDetails" finished-at="2026-03-04T14:15:38 IST" duration-ms="258" status="PASS">
          <reporter-output>
          </reporter-output>
        </test-method> <!-- verifyFirstProductDetails -->
        <test-method is-config="true" signature="closeBrowser()[pri:0, instance:tests.ProductPageTest@351d00c0]" started-at="2026-03-04T14:15:38 IST" name="closeBrowser" finished-at="2026-03-04T14:15:38 IST" duration-ms="265" status="PASS">
          <reporter-output>
          </reporter-output>
        </test-method> <!-- closeBrowser -->
        <test-method is-config="true" signature="set(java.lang.String,java.lang.String)[pri:0, instance:tests.ProductPageTest@351d00c0]" started-at="2026-03-04T14:15:38 IST" name="set" finished-at="2026-03-04T14:15:40 IST" duration-ms="1621" status="PASS">
          <params>
            <param index="0">
              <value>
                <![CDATA[chrome]]>
              </value>
            </param>
            <param index="1">
              <value>
                <![CDATA[Linux]]>
              </value>
            </param>
          </params>
          <reporter-output>
          </reporter-output>
        </test-method> <!-- set -->
        <test-method is-config="true" signature="openWeb(java.lang.String)[pri:0, instance:tests.ProductPageTest@351d00c0]" started-at="2026-03-04T14:15:40 IST" name="openWeb" finished-at="2026-03-04T14:15:42 IST" duration-ms="2177" status="PASS">
          <params>
            <param index="0">
              <value>
                <![CDATA[standard_user]]>
              </value>
            </param>
          </params>
          <reporter-output>
          </reporter-output>
        </test-method> <!-- openWeb -->
        <test-method signature="verifyLastProductDetails()[pri:2, instance:tests.ProductPageTest@351d00c0]" started-at="2026-03-04T14:15:42 IST" name="verifyLastProductDetails" finished-at="2026-03-04T14:15:43 IST" duration-ms="400" status="PASS">
          <reporter-output>
          </reporter-output>
        </test-method> <!-- verifyLastProductDetails -->
        <test-method is-config="true" signature="closeBrowser()[pri:0, instance:tests.ProductPageTest@351d00c0]" started-at="2026-03-04T14:15:43 IST" name="closeBrowser" finished-at="2026-03-04T14:15:43 IST" duration-ms="242" status="PASS">
          <reporter-output>
          </reporter-output>
        </test-method> <!-- closeBrowser -->
        <test-method is-config="true" signature="set(java.lang.String,java.lang.String)[pri:0, instance:tests.ProductPageTest@351d00c0]" started-at="2026-03-04T14:15:43 IST" name="set" finished-at="2026-03-04T14:15:48 IST" duration-ms="4978" status="PASS">
          <params>
            <param index="0">
              <value>
                <![CDATA[chrome]]>
              </value>
            </param>
            <param index="1">
              <value>
                <![CDATA[Linux]]>
              </value>
            </param>
          </params>
          <reporter-output>
          </reporter-output>
        </test-method> <!-- set -->
        <test-method is-config="true" signature="openWeb(java.lang.String)[pri:0, instance:tests.ProductPageTest@351d00c0]" started-at="2026-03-04T14:15:48 IST" name="openWeb" finished-at="2026-03-04T14:15:49 IST" duration-ms="708" status="PASS">
          <params>
            <param index="0">
              <value>
                <![CDATA[standard_user]]>
              </value>
            </param>
          </params>
          <reporter-output>
          </reporter-output>
        </test-method> <!-- openWeb -->
        <test-method signature="verifyBackButton()[pri:3, instance:tests.ProductPageTest@351d00c0]" started-at="2026-03-04T14:15:49 IST" name="verifyBackButton" finished-at="2026-03-04T14:15:50 IST" duration-ms="1315" status="PASS">
          <reporter-output>
          </reporter-output>
        </test-method> <!-- verifyBackButton -->
        <test-method is-config="true" signature="closeBrowser()[pri:0, instance:tests.ProductPageTest@351d00c0]" started-at="2026-03-04T14:15:50 IST" name="closeBrowser" finished-at="2026-03-04T14:15:52 IST" duration-ms="1970" status="PASS">
          <reporter-output>
          </reporter-output>
        </test-method> <!-- closeBrowser -->
        <test-method is-config="true" signature="set(java.lang.String,java.lang.String)[pri:0, instance:tests.ProductPageTest@351d00c0]" started-at="2026-03-04T14:15:52 IST" name="set" finished-at="2026-03-04T14:16:01 IST" duration-ms="8707" status="PASS">
          <params>
            <param index="0">
              <value>
                <![CDATA[chrome]]>
              </value>
            </param>
            <param index="1">
              <value>
                <![CDATA[Linux]]>
              </value>
            </param>
          </params>
          <reporter-output>
          </reporter-output>
        </test-method> <!-- set -->
        <test-method is-config="true" signature="openWeb(java.lang.String)[pri:0, instance:tests.ProductPageTest@351d00c0]" started-at="2026-03-04T14:16:01 IST" name="openWeb" finished-at="2026-03-04T14:16:02 IST" duration-ms="1003" status="PASS">
          <params>
            <param index="0">
              <value>
                <![CDATA[standard_user]]>
              </value>
            </param>
          </params>
          <reporter-output>
          </reporter-output>
        </test-method> <!-- openWeb -->
        <test-method signature="verifyAddToCart()[pri:4, instance:tests.ProductPageTest@351d00c0]" started-at="2026-03-04T14:16:02 IST" name="verifyAddToCart" finished-at="2026-03-04T14:16:15 IST" duration-ms="13816" status="PASS">
          <reporter-output>
          </reporter-output>
        </test-method> <!-- verifyAddToCart -->
        <test-method is-config="true" signature="closeBrowser()[pri:0, instance:tests.ProductPageTest@351d00c0]" started-at="2026-03-04T14:16:15 IST" name="closeBrowser" finished-at="2026-03-04T14:16:21 IST" duration-ms="5588" status="PASS">
          <reporter-output>
          </reporter-output>
        </test-method> <!-- closeBrowser -->
        <test-method is-config="true" signature="set(java.lang.String,java.lang.String)[pri:0, instance:tests.ProductPageTest@351d00c0]" started-at="2026-03-04T14:16:21 IST" name="set" finished-at="2026-03-04T14:16:23 IST" duration-ms="2138" status="PASS">
          <params>
            <param index="0">
              <value>
                <![CDATA[chrome]]>
              </value>
            </param>
            <param index="1">
              <value>
                <![CDATA[Linux]]>
              </value>
            </param>
          </params>
          <reporter-output>
          </reporter-output>
        </test-method> <!-- set -->
        <test-method is-config="true" signature="openWeb(java.lang.String)[pri:0, instance:tests.ProductPageTest@351d00c0]" started-at="2026-03-04T14:16:23 IST" name="openWeb" finished-at="2026-03-04T14:16:25 IST" duration-ms="2424" status="PASS">
          <params>
            <param index="0">
              <value>
                <![CDATA[standard_user]]>
              </value>
            </param>
          </params>
          <reporter-output>
          </reporter-output>
        </test-method> <!-- openWeb -->
        <test-method signature="verifyRemoveFromCart()[pri:5, instance:tests.ProductPageTest@351d00c0]" started-at="2026-03-04T14:16:25 IST" name="verifyRemoveFromCart" finished-at="2026-03-04T14:16:56 IST" duration-ms="30786" status="PASS">
          <reporter-output>
          </reporter-output>
        </test-method> <!-- verifyRemoveFromCart -->
        <test-method is-config="true" signature="closeBrowser()[pri:0, instance:tests.ProductPageTest@351d00c0]" started-at="2026-03-04T14:16:56 IST" name="closeBrowser" finished-at="2026-03-04T14:16:57 IST" duration-ms="337" status="PASS">
          <reporter-output>
          </reporter-output>
        </test-method> <!-- closeBrowser -->
      </class> <!-- tests.ProductPageTest -->
    </test> <!-- temp -->
  </suite> <!-- CrossBrowserSuite -->
</testng-results>
