<?xml version="1.0" encoding="UTF-8"?>
<!-- Generated by org.testng.reporters.JUnitXMLReporter -->
<testsuite ignored="0" hostname="LAPTOP-FF4U5AQU" failures="0" tests="42" name="FireFoxTestWithStandard" time="35.036" errors="0" timestamp="2026-02-23T20:57:53 IST">
  <testcase classname="basetest.BaseTest" name="@BeforeMethod launchBrowser" time="1.334">
    <failure type="org.openqa.selenium.remote.NoSuchDriverException" message="Unable to obtain: Capabilities {browserName: MicrosoftEdge, ms:edgeOptions: {args: [], extensions: []}}, error Command failed with code: 65, executed: [--browser, MicrosoftEdge, --language-binding, java, --output, json]
error sending request for url (https://msedgedriver.azureedge.net/LATEST_RELEASE_145_WINDOWS): error trying to connect: dns error: No such host is known. (os error 11001)
Build info: version: &amp;apos;4.18.1&amp;apos;, revision: &amp;apos;b1d3319b48&amp;apos;
System info: os.name: &amp;apos;Windows 11&amp;apos;, os.arch: &amp;apos;amd64&amp;apos;, os.version: &amp;apos;10.0&amp;apos;, java.version: &amp;apos;21.0.7&amp;apos;
Driver info: driver.version: EdgeDriver">
      <![CDATA[org.openqa.selenium.remote.NoSuchDriverException: Unable to obtain: Capabilities {browserName: MicrosoftEdge, ms:edgeOptions: {args: [], extensions: []}}, error Command failed with code: 65, executed: [--browser, MicrosoftEdge, --language-binding, java, --output, json]
error sending request for url (https://msedgedriver.azureedge.net/LATEST_RELEASE_145_WINDOWS): error trying to connect: dns error: No such host is known. (os error 11001)
Build info: version: '4.18.1', revision: 'b1d3319b48'
System info: os.name: 'Windows 11', os.arch: 'amd64', os.version: '10.0', java.version: '21.0.7'
Driver info: driver.version: EdgeDriver
at org.openqa.selenium.remote.service.DriverFinder.getPath(DriverFinder.java:48)
at org.openqa.selenium.remote.service.DriverFinder.getPath(DriverFinder.java:33)
at org.openqa.selenium.edge.EdgeDriver.generateExecutor(EdgeDriver.java:71)
at org.openqa.selenium.edge.EdgeDriver.<init>(EdgeDriver.java:61)
at org.openqa.selenium.edge.EdgeDriver.<init>(EdgeDriver.java:57)
at org.openqa.selenium.edge.EdgeDriver.<init>(EdgeDriver.java:49)
at org.openqa.selenium.edge.EdgeDriver.<init>(EdgeDriver.java:45)
at basetest.BaseTest.launchBrowser(BaseTest.java:61)
at java.base/java.util.ArrayList.forEach(ArrayList.java:1596)
at java.base/java.util.concurrent.FutureTask.run(FutureTask.java:317)
at java.base/java.util.concurrent.ThreadPoolExecutor.runWorker(ThreadPoolExecutor.java:1144)
at java.base/java.util.concurrent.ThreadPoolExecutor$Worker.run(ThreadPoolExecutor.java:642)
at java.base/java.lang.Thread.run(Thread.java:1583)
Caused by: org.openqa.selenium.WebDriverException: Command failed with code: 65, executed: [--browser, MicrosoftEdge, --language-binding, java, --output, json]
error sending request for url (https://msedgedriver.azureedge.net/LATEST_RELEASE_145_WINDOWS): error trying to connect: dns error: No such host is known. (os error 11001)
Build info: version: '4.18.1', revision: 'b1d3319b48'
System info: os.name: 'Windows 11', os.arch: 'amd64', os.version: '10.0', java.version: '21.0.7'
Driver info: driver.version: EdgeDriver
at org.openqa.selenium.manager.SeleniumManager.runCommand(SeleniumManager.java:159)
at org.openqa.selenium.manager.SeleniumManager.getDriverPath(SeleniumManager.java:303)
at org.openqa.selenium.remote.service.DriverFinder.getPath(DriverFinder.java:45)
... 31 more
... Removed 19 stack frames]]>
    </failure>
  </testcase> <!-- @BeforeMethod launchBrowser -->
  <testcase classname="tests.ProductCatalogTest" name="@BeforeMethod openWeb" time="0.0">
    <skipped/>
  </testcase> <!-- @BeforeMethod openWeb -->
  <testcase classname="tests.ProductCatalogTest" name="checkProductVisible" time="0.001">
    <skipped/>
  </testcase> <!-- checkProductVisible -->
  <testcase classname="tests.LoginTest" name="loginTest" time="0.001">
    <skipped/>
  </testcase> <!-- loginTest -->
  <testcase classname="tests.LoginTest" name="loginTest" time="0.0">
    <skipped/>
  </testcase> <!-- loginTest -->
  <testcase classname="tests.LoginTest" name="loginTest" time="0.0">
    <skipped/>
  </testcase> <!-- loginTest -->
  <testcase classname="tests.LoginTest" name="loginTest" time="0.0">
    <skipped/>
  </testcase> <!-- loginTest -->
  <testcase classname="tests.LoginTest" name="loginTest" time="0.0">
    <skipped/>
  </testcase> <!-- loginTest -->
  <testcase classname="tests.LoginTest" name="loginTest" time="0.0">
    <skipped/>
  </testcase> <!-- loginTest -->
  <testcase classname="tests.LoginTest" name="loginTest" time="0.0">
    <skipped/>
  </testcase> <!-- loginTest -->
  <testcase classname="tests.ProductCatalogTest" name="verifyCartBtn" time="0.0">
    <skipped/>
  </testcase> <!-- verifyCartBtn -->
  <testcase classname="tests.ProductCatalogTest" name="verifyFilter" time="0.0">
    <skipped/>
  </testcase> <!-- verifyFilter -->
  <testcase classname="tests.ProductCatalogTest" name="verifyHamClose" time="0.0">
    <skipped/>
  </testcase> <!-- verifyHamClose -->
  <testcase classname="tests.ProductCatalogTest" name="verifyHamOpen" time="0.0">
    <skipped/>
  </testcase> <!-- verifyHamOpen -->
  <testcase classname="tests.ProductCatalogTest" name="verifyInfo" time="0.0">
    <skipped/>
  </testcase> <!-- verifyInfo -->
  <testcase classname="tests.ProductCatalogTest" name="verifyLogout" time="0.0">
    <skipped/>
  </testcase> <!-- verifyLogout -->
  <testcase classname="tests.ValidEndToEndTest" name="e2e_AddFromCatalog" time="0.0">
    <skipped/>
  </testcase> <!-- e2e_AddFromCatalog -->
  <testcase classname="tests.LoginTest" name="validLogin" time="0.0">
    <skipped/>
  </testcase> <!-- validLogin -->
  <testcase classname="tests.CheckOutTest" name="verifyCancelBtn" time="0.0">
    <skipped/>
  </testcase> <!-- verifyCancelBtn -->
  <testcase classname="tests.CartTest" name="verifyCartItemData" time="0.0">
    <skipped/>
  </testcase> <!-- verifyCartItemData -->
  <testcase classname="tests.ProductPageTest" name="verifyFirstProductDetails" time="0.0">
    <skipped/>
  </testcase> <!-- verifyFirstProductDetails -->
  <testcase classname="tests.ValidEndToEndTest" name="e2e_AddFromProductDetailPage" time="0.0">
    <skipped/>
  </testcase> <!-- e2e_AddFromProductDetailPage -->
  <testcase classname="tests.CartTest" name="verifyContinueShopping" time="0.0">
    <skipped/>
  </testcase> <!-- verifyContinueShopping -->
  <testcase classname="tests.CheckOutTest" name="verifyContinueWithoutInfo" time="0.001">
    <skipped/>
  </testcase> <!-- verifyContinueWithoutInfo -->
  <testcase classname="tests.ProductPageTest" name="verifyLastProductDetails" time="0.0">
    <skipped/>
  </testcase> <!-- verifyLastProductDetails -->
  <testcase classname="tests.ValidEndToEndTest" name="e2e_MultipleProductsCheckout" time="0.001">
    <skipped/>
  </testcase> <!-- e2e_MultipleProductsCheckout -->
  <testcase classname="tests.ProductPageTest" name="verifyBackButton" time="0.001">
    <skipped/>
  </testcase> <!-- verifyBackButton -->
  <testcase classname="tests.CartTest" name="verifyCheckoutWithEmptyCart" time="0.0">
    <skipped/>
  </testcase> <!-- verifyCheckoutWithEmptyCart -->
  <testcase classname="tests.CheckOutTest" name="verifyContinueWithInfo" time="0.0">
    <skipped/>
  </testcase> <!-- verifyContinueWithInfo -->
  <testcase classname="tests.LoginTest" name="lockedUser" time="0.009">
    <skipped/>
  </testcase> <!-- lockedUser -->
  <testcase classname="tests.ProductPageTest" name="verifyAddToCart" time="0.0">
    <skipped/>
  </testcase> <!-- verifyAddToCart -->
  <testcase classname="tests.CartTest" name="verifyCheckOutWithProduct" time="0.0">
    <skipped/>
  </testcase> <!-- verifyCheckOutWithProduct -->
  <testcase classname="tests.CheckOutTest" name="verifyProductDetailOnOverview" time="0.0">
    <skipped/>
  </testcase> <!-- verifyProductDetailOnOverview -->
  <testcase classname="tests.LoginTest" name="refreshLogin" time="0.0">
    <skipped/>
  </testcase> <!-- refreshLogin -->
  <testcase classname="tests.CartTest" name="verifyCartPersist" time="0.0">
    <skipped/>
  </testcase> <!-- verifyCartPersist -->
  <testcase classname="tests.CheckOutTest" name="verifyItemTotal" time="0.0">
    <skipped/>
  </testcase> <!-- verifyItemTotal -->
  <testcase classname="tests.ProductPageTest" name="verifyRemoveFromCart" time="0.0">
    <skipped/>
  </testcase> <!-- verifyRemoveFromCart -->
  <testcase classname="tests.LoginTest" name="passwordMask" time="0.0">
    <skipped/>
  </testcase> <!-- passwordMask -->
  <testcase classname="tests.CheckOutTest" name="verifyCartTotal" time="0.0">
    <skipped/>
  </testcase> <!-- verifyCartTotal -->
  <testcase classname="tests.CartTest" name="verifyRemoveItem" time="0.0">
    <skipped/>
  </testcase> <!-- verifyRemoveItem -->
  <testcase classname="tests.CheckOutTest" name="verifyOverviewCancelBtn" time="0.0">
    <skipped/>
  </testcase> <!-- verifyOverviewCancelBtn -->
  <testcase classname="tests.CheckOutTest" name="verifyCartBadge" time="0.0">
    <skipped/>
  </testcase> <!-- verifyCartBadge -->
  <testcase classname="tests.CheckOutTest" name="verifyFinishBtn" time="0.0">
    <skipped/>
  </testcase> <!-- verifyFinishBtn -->
  <testcase classname="tests.CheckOutTest" name="verifyBackHomeBtn" time="0.0">
    <skipped/>
  </testcase> <!-- verifyBackHomeBtn -->
</testsuite> <!-- FireFoxTestWithStandard -->
