<?xml version="1.0" encoding="UTF-8"?>
<!-- Generated by org.testng.reporters.JUnitXMLReporter -->
<testsuite ignored="0" hostname="LAPTOP-FF4U5AQU" failures="11" tests="11" name="RegressionTests" time="0.209" errors="0" timestamp="2026-02-13T14:05:42 IST">
  <testcase classname="tests.LoginTest" name="validLogin" time="0.013">
    <failure type="java.lang.NullPointerException" message="Cannot invoke &amp;quot;pages.LoginPage.fillUser(String)&amp;quot; because &amp;quot;this.login&amp;quot; is null">
      <![CDATA[java.lang.NullPointerException: Cannot invoke "pages.LoginPage.fillUser(String)" because "this.login" is null
at tests.LoginTest.fillData(LoginTest.java:21)
at tests.LoginTest.validLogin(LoginTest.java:28)
at java.base/java.util.ArrayList.forEach(ArrayList.java:1596)
at java.base/java.util.concurrent.FutureTask.run(FutureTask.java:317)
at java.base/java.util.concurrent.ThreadPoolExecutor.runWorker(ThreadPoolExecutor.java:1144)
at java.base/java.util.concurrent.ThreadPoolExecutor$Worker.run(ThreadPoolExecutor.java:642)
at java.base/java.lang.Thread.run(Thread.java:1583)
... Removed 15 stack frames]]>
    </failure>
  </testcase> <!-- validLogin -->
  <testcase classname="tests.ProductPageTest" name="verifyFirstProductDetails" time="0.008">
    <failure type="java.lang.NullPointerException" message="Cannot invoke &amp;quot;pages.ProductDetailPage.verifyProductDetails(int)&amp;quot; because &amp;quot;this.detail&amp;quot; is null">
      <![CDATA[java.lang.NullPointerException: Cannot invoke "pages.ProductDetailPage.verifyProductDetails(int)" because "this.detail" is null
at tests.ProductPageTest.verifyFirstProductDetails(ProductPageTest.java:36)
at java.base/java.util.ArrayList.forEach(ArrayList.java:1596)
at java.base/java.util.concurrent.FutureTask.run(FutureTask.java:317)
at java.base/java.util.concurrent.ThreadPoolExecutor.runWorker(ThreadPoolExecutor.java:1144)
at java.base/java.util.concurrent.ThreadPoolExecutor$Worker.run(ThreadPoolExecutor.java:642)
at java.base/java.lang.Thread.run(Thread.java:1583)
... Removed 15 stack frames]]>
    </failure>
  </testcase> <!-- verifyFirstProductDetails -->
  <testcase classname="tests.LoginTest" name="invalidFields" time="0.012">
    <failure type="java.lang.NullPointerException" message="Cannot invoke &amp;quot;pages.LoginPage.fillUser(String)&amp;quot; because &amp;quot;this.login&amp;quot; is null">
      <![CDATA[java.lang.NullPointerException: Cannot invoke "pages.LoginPage.fillUser(String)" because "this.login" is null
at tests.LoginTest.fillData(LoginTest.java:21)
at tests.LoginTest.invalidFields(LoginTest.java:35)
at java.base/java.util.ArrayList.forEach(ArrayList.java:1596)
at java.base/java.util.concurrent.FutureTask.run(FutureTask.java:317)
at java.base/java.util.concurrent.ThreadPoolExecutor.runWorker(ThreadPoolExecutor.java:1144)
at java.base/java.util.concurrent.ThreadPoolExecutor$Worker.run(ThreadPoolExecutor.java:642)
at java.base/java.lang.Thread.run(Thread.java:1583)
... Removed 15 stack frames]]>
    </failure>
  </testcase> <!-- invalidFields -->
  <testcase classname="tests.ProductPageTest" name="verifyLastProductDetails" time="0.023">
    <failure type="java.lang.NullPointerException" message="Cannot invoke &amp;quot;org.openqa.selenium.WebDriver.findElements(org.openqa.selenium.By)&amp;quot; because &amp;quot;this.driver&amp;quot; is null">
      <![CDATA[java.lang.NullPointerException: Cannot invoke "org.openqa.selenium.WebDriver.findElements(org.openqa.selenium.By)" because "this.driver" is null
at tests.ProductPageTest.verifyLastProductDetails(ProductPageTest.java:42)
at java.base/java.util.ArrayList.forEach(ArrayList.java:1596)
at java.base/java.util.concurrent.FutureTask.run(FutureTask.java:317)
at java.base/java.util.concurrent.ThreadPoolExecutor.runWorker(ThreadPoolExecutor.java:1144)
at java.base/java.util.concurrent.ThreadPoolExecutor$Worker.run(ThreadPoolExecutor.java:642)
at java.base/java.lang.Thread.run(Thread.java:1583)
... Removed 15 stack frames]]>
    </failure>
  </testcase> <!-- verifyLastProductDetails -->
  <testcase classname="tests.LoginTest" name="emptyField" time="0.002">
    <failure type="java.lang.NullPointerException" message="Cannot invoke &amp;quot;pages.LoginPage.fillUser(String)&amp;quot; because &amp;quot;this.login&amp;quot; is null">
      <![CDATA[java.lang.NullPointerException: Cannot invoke "pages.LoginPage.fillUser(String)" because "this.login" is null
at tests.LoginTest.fillData(LoginTest.java:21)
at tests.LoginTest.emptyField(LoginTest.java:44)
at java.base/java.util.ArrayList.forEach(ArrayList.java:1596)
at java.base/java.util.concurrent.FutureTask.run(FutureTask.java:317)
at java.base/java.util.concurrent.ThreadPoolExecutor.runWorker(ThreadPoolExecutor.java:1144)
at java.base/java.util.concurrent.ThreadPoolExecutor$Worker.run(ThreadPoolExecutor.java:642)
at java.base/java.lang.Thread.run(Thread.java:1583)
... Removed 15 stack frames]]>
    </failure>
  </testcase> <!-- emptyField -->
  <testcase classname="tests.ProductPageTest" name="verifyBackButton" time="0.005">
    <failure type="java.lang.NullPointerException" message="Cannot invoke &amp;quot;pages.ProductDetailPage.verifyBackNavigation(int)&amp;quot; because &amp;quot;this.detail&amp;quot; is null">
      <![CDATA[java.lang.NullPointerException: Cannot invoke "pages.ProductDetailPage.verifyBackNavigation(int)" because "this.detail" is null
at tests.ProductPageTest.verifyBackButton(ProductPageTest.java:47)
at java.base/java.util.ArrayList.forEach(ArrayList.java:1596)
at java.base/java.util.concurrent.FutureTask.run(FutureTask.java:317)
at java.base/java.util.concurrent.ThreadPoolExecutor.runWorker(ThreadPoolExecutor.java:1144)
at java.base/java.util.concurrent.ThreadPoolExecutor$Worker.run(ThreadPoolExecutor.java:642)
at java.base/java.lang.Thread.run(Thread.java:1583)
... Removed 15 stack frames]]>
    </failure>
  </testcase> <!-- verifyBackButton -->
  <testcase classname="tests.LoginTest" name="lockedUser" time="0.002">
    <failure type="java.lang.NullPointerException" message="Cannot invoke &amp;quot;pages.LoginPage.fillUser(String)&amp;quot; because &amp;quot;this.login&amp;quot; is null">
      <![CDATA[java.lang.NullPointerException: Cannot invoke "pages.LoginPage.fillUser(String)" because "this.login" is null
at tests.LoginTest.fillData(LoginTest.java:21)
at tests.LoginTest.lockedUser(LoginTest.java:53)
at java.base/java.util.ArrayList.forEach(ArrayList.java:1596)
at java.base/java.util.concurrent.FutureTask.run(FutureTask.java:317)
at java.base/java.util.concurrent.ThreadPoolExecutor.runWorker(ThreadPoolExecutor.java:1144)
at java.base/java.util.concurrent.ThreadPoolExecutor$Worker.run(ThreadPoolExecutor.java:642)
at java.base/java.lang.Thread.run(Thread.java:1583)
... Removed 15 stack frames]]>
    </failure>
  </testcase> <!-- lockedUser -->
  <testcase classname="tests.ProductPageTest" name="verifyAddToCart" time="0.002">
    <failure type="java.lang.NullPointerException" message="Cannot invoke &amp;quot;pages.ProductDetailPage.verifyAddToCart()&amp;quot; because &amp;quot;this.detail&amp;quot; is null">
      <![CDATA[java.lang.NullPointerException: Cannot invoke "pages.ProductDetailPage.verifyAddToCart()" because "this.detail" is null
at tests.ProductPageTest.verifyAddToCart(ProductPageTest.java:52)
at java.base/java.util.ArrayList.forEach(ArrayList.java:1596)
at java.base/java.util.concurrent.FutureTask.run(FutureTask.java:317)
at java.base/java.util.concurrent.ThreadPoolExecutor.runWorker(ThreadPoolExecutor.java:1144)
at java.base/java.util.concurrent.ThreadPoolExecutor$Worker.run(ThreadPoolExecutor.java:642)
at java.base/java.lang.Thread.run(Thread.java:1583)
... Removed 15 stack frames]]>
    </failure>
  </testcase> <!-- verifyAddToCart -->
  <testcase classname="tests.LoginTest" name="refreshLogin" time="0.002">
    <failure type="java.lang.NullPointerException" message="Cannot invoke &amp;quot;pages.LoginPage.fillUser(String)&amp;quot; because &amp;quot;this.login&amp;quot; is null">
      <![CDATA[java.lang.NullPointerException: Cannot invoke "pages.LoginPage.fillUser(String)" because "this.login" is null
at tests.LoginTest.fillData(LoginTest.java:21)
at tests.LoginTest.refreshLogin(LoginTest.java:62)
at java.base/java.util.ArrayList.forEach(ArrayList.java:1596)
at java.base/java.util.concurrent.FutureTask.run(FutureTask.java:317)
at java.base/java.util.concurrent.ThreadPoolExecutor.runWorker(ThreadPoolExecutor.java:1144)
at java.base/java.util.concurrent.ThreadPoolExecutor$Worker.run(ThreadPoolExecutor.java:642)
at java.base/java.lang.Thread.run(Thread.java:1583)
... Removed 15 stack frames]]>
    </failure>
  </testcase> <!-- refreshLogin -->
  <testcase classname="tests.ProductPageTest" name="verifyRemoveFromCart" time="0.003">
    <failure type="java.lang.NullPointerException" message="Cannot invoke &amp;quot;pages.ProductDetailPage.verifyRemoveFromCart()&amp;quot; because &amp;quot;this.detail&amp;quot; is null">
      <![CDATA[java.lang.NullPointerException: Cannot invoke "pages.ProductDetailPage.verifyRemoveFromCart()" because "this.detail" is null
at tests.ProductPageTest.verifyRemoveFromCart(ProductPageTest.java:57)
at java.base/java.util.ArrayList.forEach(ArrayList.java:1596)
at java.base/java.util.concurrent.FutureTask.run(FutureTask.java:317)
at java.base/java.util.concurrent.ThreadPoolExecutor.runWorker(ThreadPoolExecutor.java:1144)
at java.base/java.util.concurrent.ThreadPoolExecutor$Worker.run(ThreadPoolExecutor.java:642)
at java.base/java.lang.Thread.run(Thread.java:1583)
... Removed 15 stack frames]]>
    </failure>
  </testcase> <!-- verifyRemoveFromCart -->
  <testcase classname="tests.LoginTest" name="passwordMask" time="0.002">
    <failure type="java.lang.NullPointerException" message="Cannot invoke &amp;quot;org.openqa.selenium.WebDriver.findElement(org.openqa.selenium.By)&amp;quot; because &amp;quot;this.driver&amp;quot; is null">
      <![CDATA[java.lang.NullPointerException: Cannot invoke "org.openqa.selenium.WebDriver.findElement(org.openqa.selenium.By)" because "this.driver" is null
at tests.LoginTest.passwordMask(LoginTest.java:74)
at java.base/java.util.ArrayList.forEach(ArrayList.java:1596)
at java.base/java.util.concurrent.FutureTask.run(FutureTask.java:317)
at java.base/java.util.concurrent.ThreadPoolExecutor.runWorker(ThreadPoolExecutor.java:1144)
at java.base/java.util.concurrent.ThreadPoolExecutor$Worker.run(ThreadPoolExecutor.java:642)
at java.base/java.lang.Thread.run(Thread.java:1583)
... Removed 15 stack frames]]>
    </failure>
  </testcase> <!-- passwordMask -->
</testsuite> <!-- RegressionTests -->
