<?xml version="1.0" encoding="UTF-8"?>
<!-- Generated by org.testng.reporters.JUnitReportReporter -->
<testsuite hostname="LAPTOP-FF4U5AQU" failures="0" tests="5" name="tests.ProductPageTest" time="81.872" errors="0" timestamp="2026-03-04T14:17:53 IST" skipped="0">
  <testcase classname="tests.ProductPageTest" name="verifyFirstProductDetails" time="5.062"/>
  <testcase classname="tests.ProductPageTest" name="verifyLastProductDetails" time="16.872"/>
  <testcase classname="tests.ProductPageTest" name="verifyBackButton" time="3.981"/>
  <testcase classname="tests.ProductPageTest" name="verifyAddToCart" time="21.203"/>
  <testcase classname="tests.ProductPageTest" name="verifyRemoveFromCart" time="34.754"/>
</testsuite> <!-- tests.ProductPageTest -->
