<?xml version="1.0" encoding="UTF-8"?>
<!-- Generated by org.testng.reporters.JUnitXMLReporter -->
<testsuite ignored="0" hostname="LAPTOP-FF4U5AQU" failures="1" tests="37" name="Standard User Test" time="208.27" errors="0" timestamp="2026-02-17T15:49:24 IST">
  <testcase classname="tests.ProductCatalogTest" name="checkProductVisible" time="0.048"/>
  <testcase classname="tests.ProductCatalogTest" name="verifyCartBtn" time="0.414"/>
  <testcase classname="tests.ProductCatalogTest" name="verifyFilter" time="0.929"/>
  <testcase classname="tests.ProductCatalogTest" name="verifyHamClose" time="0.858"/>
  <testcase classname="tests.ProductCatalogTest" name="verifyHamOpen" time="0.727"/>
  <testcase classname="tests.ProductCatalogTest" name="verifyInfo" time="0.759"/>
  <testcase classname="tests.ProductCatalogTest" name="verifyLogout" time="0.539"/>
  <testcase classname="tests.ValidEndToEndTest" name="e2e_AddFromCatalog" time="1.471"/>
  <testcase classname="tests.LoginTest" name="validLogin" time="0.468"/>
  <testcase classname="tests.CheckOutTest" name="verifyCancelBtn" time="0.852"/>
  <testcase classname="tests.CartTest" name="verifyCartItemData" time="0.538"/>
  <testcase classname="tests.ProductPageTest" name="verifyFirstProductDetails" time="0.374"/>
  <testcase classname="tests.ValidEndToEndTest" name="e2e_AddFromProductDetailPage" time="1.397"/>
  <testcase classname="tests.LoginTest" name="invalidFields" time="1.767"/>
  <testcase classname="tests.CartTest" name="verifyContinueShopping" time="0.39"/>
  <testcase classname="tests.CheckOutTest" name="verifyContinueWithoutInfo" time="0.725"/>
  <testcase classname="tests.ProductPageTest" name="verifyLastProductDetails" time="0.33"/>
  <testcase classname="tests.ValidEndToEndTest" name="e2e_MultipleProductsCheckout" time="2.152"/>
  <testcase classname="tests.LoginTest" name="emptyField" time="1.514"/>
  <testcase classname="tests.ProductPageTest" name="verifyBackButton" time="0.434"/>
  <testcase classname="tests.CartTest" name="verifyCheckoutWithEmptyCart" time="0.196">
    <failure type="java.lang.AssertionError" message="expected [false] but found [true]">
      <![CDATA[java.lang.AssertionError: expected [false] but found [true]
at tests.CartTest.verifyCheckoutWithEmptyCart(CartTest.java:49)
at java.base/java.util.ArrayList.forEach(ArrayList.java:1596)
at java.base/java.util.concurrent.FutureTask.run(FutureTask.java:317)
at java.base/java.util.concurrent.ThreadPoolExecutor.runWorker(ThreadPoolExecutor.java:1144)
at java.base/java.util.concurrent.ThreadPoolExecutor$Worker.run(ThreadPoolExecutor.java:642)
at java.base/java.lang.Thread.run(Thread.java:1583)
... Removed 19 stack frames]]>
    </failure>
  </testcase> <!-- verifyCheckoutWithEmptyCart -->
  <testcase classname="tests.CheckOutTest" name="verifyContinueWithInfo" time="0.903"/>
  <testcase classname="tests.LoginTest" name="lockedUser" time="2.978"/>
  <testcase classname="tests.ProductPageTest" name="verifyAddToCart" time="0.296"/>
  <testcase classname="tests.CartTest" name="verifyCheckOutWithProduct" time="0.226"/>
  <testcase classname="tests.CheckOutTest" name="verifyProductDetailOnOverview" time="1.603"/>
  <testcase classname="tests.LoginTest" name="refreshLogin" time="0.466"/>
  <testcase classname="tests.CartTest" name="verifyCartPersist" time="0.483"/>
  <testcase classname="tests.CheckOutTest" name="verifyItemTotal" time="0.679"/>
  <testcase classname="tests.ProductPageTest" name="verifyRemoveFromCart" time="0.894"/>
  <testcase classname="tests.LoginTest" name="passwordMask" time="0.063"/>
  <testcase classname="tests.CheckOutTest" name="verifyCartTotal" time="1.212"/>
  <testcase classname="tests.CartTest" name="verifyRemoveItem" time="0.32"/>
  <testcase classname="tests.CheckOutTest" name="verifyOverviewCancelBtn" time="0.808"/>
  <testcase classname="tests.CheckOutTest" name="verifyCartBadge" time="0.866"/>
  <testcase classname="tests.CheckOutTest" name="verifyFinishBtn" time="0.663"/>
  <testcase classname="tests.CheckOutTest" name="verifyBackHomeBtn" time="0.76"/>
</testsuite> <!-- Standard User Test -->
