<?xml version="1.0" encoding="UTF-8"?>
<!-- Generated by org.testng.reporters.JUnitXMLReporter -->
<testsuite ignored="0" hostname="LAPTOP-FF4U5AQU" failures="1" tests="29" name="Windows-Chrome" time="679.1" errors="0" timestamp="2026-03-07T12:16:09 IST">
  <testcase classname="tests.LoginTest" name="TC01_validLogin" time="1.897"/>
  <testcase classname="tests.LoginTest" name="TC02_To_TC10_loginDataDrivenTest" time="1.478"/>
  <testcase classname="tests.LoginTest" name="TC02_To_TC10_loginDataDrivenTest" time="1.657"/>
  <testcase classname="tests.LoginTest" name="TC02_To_TC10_loginDataDrivenTest" time="10.777"/>
  <testcase classname="tests.LoginTest" name="TC02_To_TC10_loginDataDrivenTest" time="12.149"/>
  <testcase classname="tests.LoginTest" name="TC02_To_TC10_loginDataDrivenTest" time="12.409"/>
  <testcase classname="tests.LoginTest" name="TC02_To_TC10_loginDataDrivenTest" time="11.573"/>
  <testcase classname="tests.LoginTest" name="TC02_To_TC10_loginDataDrivenTest" time="10.956"/>
  <testcase classname="tests.LoginTest" name="TC02_To_TC10_loginDataDrivenTest" time="11.919"/>
  <testcase classname="tests.LoginTest" name="TC02_To_TC10_loginDataDrivenTest" time="11.265"/>
  <testcase classname="tests.LoginTest" name="TC11_lockedUserTest" time="1.336"/>
  <testcase classname="tests.LoginTest" name="TC12_passwordMaskTest" time="0.118"/>
  <testcase classname="tests.LoginTest" name="TC14_LogoutFunctionality" time="4.839"/>
  <testcase classname="tests.LoginTest" name="TC14_refreshClearsFieldsTest" time="4.064"/>
  <testcase classname="tests.ProductCatalogTest" name="TC14_shouldLogoutSuccessfully" time="1.387"/>
  <testcase classname="tests.ProductCatalogTest" name="TC15_TO_TC20_shouldSortProductsCorrectly" time="4.133"/>
  <testcase classname="tests.ProductCatalogTest" name="TC21_shouldDisplayProductList" time="0.798"/>
  <testcase classname="tests.ProductCatalogTest" name="TC22_shouldAddAllProductsToCart" time="1.323"/>
  <testcase classname="tests.ProductCatalogTest" name="TC23_shouldMatchProductDetailsBetweenCatalogAndDetailsPage" time="3.295"/>
  <testcase classname="tests.ProductCatalogTest" name="TC24_shouldCloseHamburgerMenu" time="1.715"/>
  <testcase classname="tests.ProductCatalogTest" name="TC24_shouldOpenHamburgerMenu" time="1.567"/>
  <testcase classname="tests.CartTest" name="TC25_VerifyCartNavigation" time="2.133"/>
  <testcase classname="tests.CartTest" name="TC26_VerifyCartItemData" time="4.678"/>
  <testcase classname="tests.CartTest" name="TC28_VerifyCartPersistAfterLogout" time="0.713"/>
  <testcase classname="tests.CartTest" name="TC29_VerifyCartPersist" time="2.505"/>
  <testcase classname="tests.CartTest" name="TC30_VerifyRemoveItem" time="11.794"/>
  <testcase classname="tests.CartTest" name="TC31_VerifyContinueShopping" time="2.575"/>
  <testcase classname="tests.CheckOutTest" name="TC32_VerifyCartBadgeCount" time="6.444"/>
  <testcase classname="tests.CartTest" name="TC33_VerifyCheckoutWithEmptyCart" time="1.558">
    <failure type="java.lang.AssertionError" message="Checkout page should not appear for empty cart expected [false] but found [true]">
      <![CDATA[java.lang.AssertionError: Checkout page should not appear for empty cart expected [false] but found [true]
at tests.CartTest.TC33_VerifyCheckoutWithEmptyCart(CartTest.java:64)
at java.base/java.util.ArrayList.forEach(ArrayList.java:1596)
at java.base/java.util.concurrent.FutureTask.run(FutureTask.java:317)
at java.base/java.util.concurrent.ThreadPoolExecutor.runWorker(ThreadPoolExecutor.java:1144)
at java.base/java.util.concurrent.ThreadPoolExecutor$Worker.run(ThreadPoolExecutor.java:642)
at java.base/java.lang.Thread.run(Thread.java:1583)
... Removed 18 stack frames]]>
    </failure>
  </testcase> <!-- TC33_VerifyCheckoutWithEmptyCart -->
</testsuite> <!-- Windows-Chrome -->
